<?xml version="1.0" encoding="utf-8"?>
<TestRun id="ebf80660-17b3-4b96-85b7-2ce673b7b283" name="Administrator@DESKTOP-L49FG3V 2026-08-12 00:11:44" runUser="DESKTOP-L49FG3V\Administrator" xmlns="http://microsoft.com/schemas/VisualStudio/TeamTest/2010">
  <Times creation="2026-08-12T00:11:44.1381366+08:00" queuing="2026-08-12T00:11:44.1381368+08:00" start="2026-08-12T00:11:43.5458101+08:00" finish="2026-08-12T00:12:00.4190426+08:00" />
  <TestSettings name="default" id="8379759b-be8b-4519-8dae-172e09a4c548">
    <Deployment runDeploymentRoot="Administrator_DESKTOP-L49FG3V_2026-08-12_00_11_44" />
  </TestSettings>
  <Results>
    <UnitTestResult executionId="24f75a70-d467-41ae-89a3-e56c007fcee0" testId="854d7a38-2c3b-132f-ae4b-9ae2a0022563" testName="mooSQL.Pure.Tests.SqlSnapshot.SQLBuilderSqlSnapshotTests.Snapshot_ToXxx(name: &quot;where_not_like_left_or_null&quot;)" computerName="DESKTOP-L49FG3V" duration="00:00:00.0110527" startTime="2026-08-12T00:11:44.2584172+08:00" endTime="2026-08-12T00:11:44.2584173+08:00" testType="13cdc9d9-ddb5-4fa4-a97d-d965ccfc6d4b" outcome="Passed" testListId="8c84fa94-04c1-424b-9868-57a2d4851a1d" relativeResultsDirectory="24f75a70-d467-41ae-89a3-e56c007fcee0" />
    <UnitTestResult executionId="29e86cfc-f331-4a92-aae5-cdeea012819f" testId="ce44a1f5-4499-ac95-c563-c0b7b9d88220" testName="mooSQL.Pure.Tests.SQLBuilderTests.Update_WithObject_ShouldBuildUpdateSQL" computerName="DESKTOP-L49FG3V" duration="00:00:00.0027409" startTime="2026-08-12T00:11:44.2470721+08:00" endTime="2026-08-12T00:11:44.2470722+08:00" testType="13cdc9d9-ddb5-4fa4-a97d-d965ccfc6d4b" outcome="Passed" testListId="8c84fa94-04c1-424b-9868-57a2d4851a1d" relativeResultsDirectory="29e86cfc-f331-4a92-aae5-cdeea012819f" />
    <UnitTestResult executionId="ed8620d2-21b0-4b3a-aed9-43b512e6247b" testId="88ee1bfd-b3ab-8d86-31e9-aa7136a59ad2" testName="mooSQL.Pure.Tests.SqlSnapshot.SQLBuilderSqlSnapshotTests.Snapshot_ToXxx(name: &quot;where_sink_or_rise&quot;)" computerName="DESKTOP-L49FG3V" duration="00:00:00.0030127" startTime="2026-08-12T00:11:44.1984159+08:00" endTime="2026-08-12T00:11:44.1984159+08:00" testType="13cdc9d9-ddb5-4fa4-a97d-d965ccfc6d4b" outcome="Passed" testListId="8c84fa94-04c1-424b-9868-57a2d4851a1d" relativeResultsDirectory="ed8620d2-21b0-4b3a-aed9-43b512e6247b" />
    <UnitTestResult executionId="179c2a70-a185-473f-b9a1-1d2a5ea495ed" testId="62df59e4-78d8-9f19-fcf6-2e981dc1848e" testName="TestMooSQL.src.TestSQLBuilderSelect.selectUnion2" computerName="DESKTOP-L49FG3V" duration="00:00:00.0004096" startTime="2026-08-12T00:11:44.3239205+08:00" endTime="2026-08-12T00:11:44.3239206+08:00" testType="13cdc9d9-ddb5-4fa4-a97d-d965ccfc6d4b" outcome="Failed" testListId="8c84fa94-04c1-424b-9868-57a2d4851a1d" relativeResultsDirectory="179c2a70-a185-473f-b9a1-1d2a5ea495ed">
      <Output>
        <ErrorInfo>
          <Message>Assert.Equal() Failure: Strings differ&#xD;
           ↓ (pos 0)&#xD;
Expected: "with  t1 as (select a from t) , t2 as (SE"···&#xD;
Actual:   "SELECT TOP 1 * FROM (  SELECT a FROM t1 W"···&#xD;
           ↑ (pos 0)</Message>
          <StackTrace>   at TestMooSQL.src.TestSQLBuilderSelect.selectUnion2() in G:\coding\gitee\my\moo-sqlm\mooSQL2024\Tests\TestBug\src\TestExt\TestSQLBuilderSelect.cs:line 135</StackTrace>
        </ErrorInfo>
      </Output>
    </UnitTestResult>
    <UnitTestResult executionId="e11c223b-779d-4774-8ae1-8e92e3c8ecce" testId="1065ac92-e106-0cd1-2f9a-c26726065084" testName="TestMooSQL.src.TestEnurableUntils.sumList" computerName="DESKTOP-L49FG3V" duration="00:00:00.0004781" startTime="2026-08-12T00:11:44.1155451+08:00" endTime="2026-08-12T00:11:44.1155451+08:00" testType="13cdc9d9-ddb5-4fa4-a97d-d965ccfc6d4b" outcome="Failed" testListId="8c84fa94-04c1-424b-9868-57a2d4851a1d" relativeResultsDirectory="e11c223b-779d-4774-8ae1-8e92e3c8ecce">
      <Output>
        <ErrorInfo>
          <Message>Assert.Equal() Failure: Values differ&#xD;
Expected: 1&#xD;
Actual:   4750</Message>
          <StackTrace>   at TestMooSQL.src.TestEnurableUntils.sumList() in G:\coding\gitee\my\moo-sqlm\mooSQL2024\Tests\TestBug\src\TestExt\TestEnurableUntils.cs:line 24</StackTrace>
        </ErrorInfo>
      </Output>
    </UnitTestResult>
    <UnitTestResult executionId="12347871-7739-49bd-81a3-daade6bddd36" testId="58eb0848-fbb2-717f-9f80-a2cb9b492ba9" testName="mooSQL.Pure.Tests.QueryMultipleTests.ExeQueryMultipleAsync_TwoSelects_ReturnsListThenScalar" computerName="DESKTOP-L49FG3V" duration="00:00:00.0360819" startTime="2026-08-12T00:11:44.2083943+08:00" endTime="2026-08-12T00:11:44.2083943+08:00" testType="13cdc9d9-ddb5-4fa4-a97d-d965ccfc6d4b" outcome="Passed" testListId="8c84fa94-04c1-424b-9868-57a2d4851a1d" relativeResultsDirectory="12347871-7739-49bd-81a3-daade6bddd36" />
    <UnitTestResult executionId="a58b8d40-6848-4551-80db-6bb394a4e2c2" testId="55343e89-6cb6-5138-e482-781f947a6dc4" testName="mooSQL.Pure.Tests.SQLBuilderDelayParaTests.WhereInGuid_Empty_ResolvesToOneEqualsTwo" computerName="DESKTOP-L49FG3V" duration="00:00:00.0034797" startTime="2026-08-12T00:11:44.1990526+08:00" endTime="2026-08-12T00:11:44.1990527+08:00" testType="13cdc9d9-ddb5-4fa4-a97d-d965ccfc6d4b" outcome="Passed" testListId="8c84fa94-04c1-424b-9868-57a2d4851a1d" relativeResultsDirectory="a58b8d40-6848-4551-80db-6bb394a4e2c2" />
    <UnitTestResult executionId="c8075c05-eafc-482a-b4dd-215d722088ff" testId="36963825-28ce-888d-013d-11cf56359898" testName="mooSQL.Pure.Tests.SQLBuilderRouteTests.useReadReplica_does_not_affect_other_builders" computerName="DESKTOP-L49FG3V" duration="00:00:00.0639647" startTime="2026-08-12T00:11:44.1392044+08:00" endTime="2026-08-12T00:11:44.1392045+08:00" testType="13cdc9d9-ddb5-4fa4-a97d-d965ccfc6d4b" outcome="Passed" testListId="8c84fa94-04c1-424b-9868-57a2d4851a1d" relativeResultsDirectory="c8075c05-eafc-482a-b4dd-215d722088ff" />
    <UnitTestResult executionId="e64cd870-b0d7-47d3-ad7d-4d5ead22353e" testId="10a60a4a-beb2-2620-0cdc-52df14c3ba83" testName="TestMooSQL.src.TestSQLBuilderSelect.selectWhereSimple1" computerName="DESKTOP-L49FG3V" duration="00:00:00.0040633" startTime="2026-08-12T00:11:44.3211749+08:00" endTime="2026-08-12T00:11:44.3211750+08:00" testType="13cdc9d9-ddb5-4fa4-a97d-d965ccfc6d4b" outcome="Failed" testListId="8c84fa94-04c1-424b-9868-57a2d4851a1d" relativeResultsDirectory="e64cd870-b0d7-47d3-ad7d-4d5ead22353e">
      <Output>
        <ErrorInfo>
          <Message>Assert.Equal() Failure: Strings differ&#xD;
                  ↓ (pos 7)&#xD;
Expected: "SELECT top 1 a.Name from tableA as a wher"···&#xD;
Actual:   "SELECT a.Name FROM tableA as a WHERE  ( a"···&#xD;
                  ↑ (pos 7)</Message>
          <StackTrace>   at TestMooSQL.src.TestSQLBuilderSelect.selectWhereSimple1() in G:\coding\gitee\my\moo-sqlm\mooSQL2024\Tests\TestBug\src\TestExt\TestSQLBuilderSelect.cs:line 234</StackTrace>
        </ErrorInfo>
      </Output>
    </UnitTestResult>
    <UnitTestResult executionId="cf3ac199-1b54-432c-9182-4757c9819551" testId="c8700e8b-e064-ebbd-94f7-43b900b1ae82" testName="mooSQL.Pure.Tests.SQLBuilderDelayParaTests.WhereNotIn_Empty_ResolvesToOneEqualsOne" computerName="DESKTOP-L49FG3V" duration="00:00:00.0018352" startTime="2026-08-12T00:11:44.2232416+08:00" endTime="2026-08-12T00:11:44.2232417+08:00" testType="13cdc9d9-ddb5-4fa4-a97d-d965ccfc6d4b" outcome="Passed" testListId="8c84fa94-04c1-424b-9868-57a2d4851a1d" relativeResultsDirectory="cf3ac199-1b54-432c-9182-4757c9819551" />
    <UnitTestResult executionId="e4dc3be6-40c3-4788-bdf1-88302b2f06e4" testId="cf946a5a-d7d8-2f2a-bad6-b0461a41c68a" testName="mooSQL.Pure.Tests.QueryMultipleTests.ExeQueryMultiple_TwoSelects_ReturnsListThenScalar" computerName="DESKTOP-L49FG3V" duration="00:00:00.0178696" startTime="2026-08-12T00:11:44.1708583+08:00" endTime="2026-08-12T00:11:44.1708586+08:00" testType="13cdc9d9-ddb5-4fa4-a97d-d965ccfc6d4b" outcome="Passed" testListId="8c84fa94-04c1-424b-9868-57a2d4851a1d" relativeResultsDirectory="e4dc3be6-40c3-4788-bdf1-88302b2f06e4" />
    <UnitTestResult executionId="bc8c3684-6cca-4df0-9f2e-2031e00dfce1" testId="f09fc63f-b215-41dc-d473-5d91d9096cd8" testName="mooSQL.Pure.Tests.src.Auth.AuthOptimizationsTests.CodeRange_AddBindValue_ShouldReturnTrue_WhenAdded" computerName="DESKTOP-L49FG3V" duration="00:00:00.0015467" startTime="2026-08-12T00:11:44.1154166+08:00" endTime="2026-08-12T00:11:44.1154166+08:00" testType="13cdc9d9-ddb5-4fa4-a97d-d965ccfc6d4b" outcome="Failed" testListId="8c84fa94-04c1-424b-9868-57a2d4851a1d" relativeResultsDirectory="bc8c3684-6cca-4df0-9f2e-2031e00dfce1">
      <Output>
        <ErrorInfo>
          <Message>Assert.True() Failure&#xD;
Expected: True&#xD;
Actual:   False</Message>
          <StackTrace>   at mooSQL.Pure.Tests.src.Auth.AuthOptimizationsTests.CodeRange_AddBindValue_ShouldReturnTrue_WhenAdded() in G:\coding\gitee\my\moo-sqlm\mooSQL2024\Tests\TestBug\src\Auth\AuthOptimizationsTests.cs:line 133</StackTrace>
        </ErrorInfo>
      </Output>
    </UnitTestResult>
    <UnitTestResult executionId="4cacea3a-935f-4427-b06e-fc411d0c966b" testId="71960ab2-2b5e-11dc-0bec-c106fbfaed8b" testName="mooSQL.Pure.Tests.MaterializerParityTests.ClientMaterializer_OverridesStaticRegistry" computerName="DESKTOP-L49FG3V" duration="00:00:00.0003057" startTime="2026-08-12T00:11:44.1775101+08:00" endTime="2026-08-12T00:11:44.1775102+08:00" testType="13cdc9d9-ddb5-4fa4-a97d-d965ccfc6d4b" outcome="Passed" testListId="8c84fa94-04c1-424b-9868-57a2d4851a1d" relativeResultsDirectory="4cacea3a-935f-4427-b06e-fc411d0c966b" />
    <UnitTestResult executionId="9c62c3b1-e31e-43dc-bd28-740214d03bdb" testId="77155d35-bb0f-e877-1715-d4e731a331f8" testName="mooSQL.Pure.Tests.SQLClipTests.Select_WithSingleField_ShouldAddField" computerName="DESKTOP-L49FG3V" duration="00:00:00.0066594" startTime="2026-08-12T00:11:44.3165626+08:00" endTime="2026-08-12T00:11:44.3165628+08:00" testType="13cdc9d9-ddb5-4fa4-a97d-d965ccfc6d4b" outcome="Passed" testListId="8c84fa94-04c1-424b-9868-57a2d4851a1d" relativeResultsDirectory="9c62c3b1-e31e-43dc-bd28-740214d03bdb" />
    <UnitTestResult executionId="b3a4f286-3047-47ce-b09e-4a1f89286218" testId="196a60aa-ecdb-efcd-eeb9-a083920787c9" testName="mooSQL.Pure.Tests.SQLBuilderTests.SetSeed_ShouldSetParameterSeed" computerName="DESKTOP-L49FG3V" duration="00:00:00.0056585" startTime="2026-08-12T00:11:44.3158670+08:00" endTime="2026-08-12T00:11:44.3158670+08:00" testType="13cdc9d9-ddb5-4fa4-a97d-d965ccfc6d4b" outcome="Passed" testListId="8c84fa94-04c1-424b-9868-57a2d4851a1d" relativeResultsDirectory="b3a4f286-3047-47ce-b09e-4a1f89286218" />
    <UnitTestResult executionId="6c2f64e1-384b-4427-8fd0-8490f33da226" testId="597ffa77-1d3e-91cc-d13d-476df8dfe159" testName="mooSQL.Pure.Tests.EntityTranslatorDeleteHookTests.Repository_DeleteByIds_ShouldFireHooksOnce" computerName="DESKTOP-L49FG3V" duration="00:00:00.0066816" startTime="2026-08-12T00:11:44.1154484+08:00" endTime="2026-08-12T00:11:44.1154484+08:00" testType="13cdc9d9-ddb5-4fa4-a97d-d965ccfc6d4b" outcome="Passed" testListId="8c84fa94-04c1-424b-9868-57a2d4851a1d" relativeResultsDirectory="6c2f64e1-384b-4427-8fd0-8490f33da226" />
    <UnitTestResult executionId="86e10c5e-d467-48b4-a5a0-d66208fc924e" testId="2563ded1-dd5b-6c7d-8b62-8dea1b1466fa" testName="mooSQL.Pure.Tests.SQLBuilderTests.WhereIn_ShouldBuildCorrectSQL" computerName="DESKTOP-L49FG3V" duration="00:00:00.0063057" startTime="2026-08-12T00:11:44.1963914+08:00" endTime="2026-08-12T00:11:44.1963915+08:00" testType="13cdc9d9-ddb5-4fa4-a97d-d965ccfc6d4b" outcome="Passed" testListId="8c84fa94-04c1-424b-9868-57a2d4851a1d" relativeResultsDirectory="86e10c5e-d467-48b4-a5a0-d66208fc924e" />
    <UnitTestResult executionId="14d0c7d9-f373-4be0-aaf4-eebebeb4023a" testId="7a577d07-0120-5d1b-eed9-a4aade435050" testName="mooSQL.Pure.Tests.DBHealthTests.Sentence_default_ping_sql" computerName="DESKTOP-L49FG3V" duration="00:00:00.0016329" startTime="2026-08-12T00:11:44.2000237+08:00" endTime="2026-08-12T00:11:44.2000240+08:00" testType="13cdc9d9-ddb5-4fa4-a97d-d965ccfc6d4b" outcome="Passed" testListId="8c84fa94-04c1-424b-9868-57a2d4851a1d" relativeResultsDirectory="14d0c7d9-f373-4be0-aaf4-eebebeb4023a" />
    <UnitTestResult executionId="3ff8cdd2-d0eb-45f0-bdd5-2b72fc037840" testId="704f2beb-1ade-a1d0-6c94-8f86ee5c00c2" testName="mooSQL.Pure.Tests.SQLBuilderDelayParaTests.WhereIn_Empty_ResolvesToOneEqualsTwo" computerName="DESKTOP-L49FG3V" duration="00:00:00.0179107" startTime="2026-08-12T00:11:44.2169916+08:00" endTime="2026-08-12T00:11:44.2169918+08:00" testType="13cdc9d9-ddb5-4fa4-a97d-d965ccfc6d4b" outcome="Passed" testListId="8c84fa94-04c1-424b-9868-57a2d4851a1d" relativeResultsDirectory="3ff8cdd2-d0eb-45f0-bdd5-2b72fc037840" />
    <UnitTestResult executionId="7cc6c317-e722-45b0-b38e-d8837b2b69ba" testId="2432e151-448f-2693-6595-202dac34a696" testName="mooSQL.Pure.Tests.SQLBuilderApartTests.toApart_useApart_ShouldMatchManualBuild_SinkOrWhere" computerName="DESKTOP-L49FG3V" duration="00:00:00.0021377" startTime="2026-08-12T00:11:44.2210388+08:00" endTime="2026-08-12T00:11:44.2210389+08:00" testType="13cdc9d9-ddb5-4fa4-a97d-d965ccfc6d4b" outcome="Failed" testListId="8c84fa94-04c1-424b-9868-57a2d4851a1d" relativeResultsDirectory="7cc6c317-e722-45b0-b38e-d8837b2b69ba">
      <Output>
        <ErrorInfo>
          <Message>Expected actual.sql to be "SELECT id FROM users WHERE  (  ( a = @kgwh_0_ms_s0 OR b = @kgwh_0_ms_s1 )  AND c = @kgwh_0_ms_s2 )  " with a length of 100, but "SELECT id FROM users " has a length of 21, differs near " " (index 20).</Message>
          <StackTrace>   at FluentAssertions.Execution.XUnit2TestFramework.Throw(String message)&#xD;
   at FluentAssertions.Execution.TestFrameworkProvider.Throw(String message)&#xD;
   at FluentAssertions.Execution.DefaultAssertionStrategy.HandleFailure(String message)&#xD;
   at FluentAssertions.Execution.AssertionScope.FailWith(Func`1 failReasonFunc)&#xD;
   at FluentAssertions.Execution.AssertionScope.FailWith(Func`1 failReasonFunc)&#xD;
   at FluentAssertions.Primitives.StringEqualityValidator.ValidateAgainstLengthDifferences()&#xD;
   at FluentAssertions.Primitives.StringValidator.Validate()&#xD;
   at FluentAssertions.Primitives.StringAssertions`1.Be(String expected, String because, Object[] becauseArgs)&#xD;
   at mooSQL.Pure.Tests.SQLBuilderApartTests.AssertSqlCmdEqual(SQLCmd expected, SQLCmd actual) in G:\coding\gitee\my\moo-sqlm\mooSQL2024\Tests\TestBug\src\TestPure\SQLBuilderApartTests.cs:line 13&#xD;
   at mooSQL.Pure.Tests.SQLBuilderApartTests.toApart_useApart_ShouldMatchManualBuild_SinkOrWhere() in G:\coding\gitee\my\moo-sqlm\mooSQL2024\Tests\TestBug\src\TestPure\SQLBuilderApartTests.cs:line 76</StackTrace>
        </ErrorInfo>
      </Output>
    </UnitTestResult>
    <UnitTestResult executionId="b91bf8df-4205-480f-8134-33107517c28b" testId="6ab9120a-a5b4-310f-6515-08c63a90239a" testName="mooSQL.Pure.Tests.SQLClipTests.Clear_ShouldResetClip" computerName="DESKTOP-L49FG3V" duration="00:00:00.0185958" startTime="2026-08-12T00:11:44.2778547+08:00" endTime="2026-08-12T00:11:44.2778550+08:00" testType="13cdc9d9-ddb5-4fa4-a97d-d965ccfc6d4b" outcome="Passed" testListId="8c84fa94-04c1-424b-9868-57a2d4851a1d" relativeResultsDirectory="b91bf8df-4205-480f-8134-33107517c28b" />
    <UnitTestResult executionId="ba0b4544-0af4-4283-b2f3-c948fe44e56e" testId="12f22cc6-932b-d748-d4f2-a2011c286169" testName="mooSQL.Pure.Tests.SQLClipTests.WhereIf_WithTrue_ShouldAddCondition" computerName="DESKTOP-L49FG3V" duration="00:00:00.0013655" startTime="2026-08-12T00:11:44.1186360+08:00" endTime="2026-08-12T00:11:44.1186361+08:00" testType="13cdc9d9-ddb5-4fa4-a97d-d965ccfc6d4b" outcome="Passed" testListId="8c84fa94-04c1-424b-9868-57a2d4851a1d" relativeResultsDirectory="ba0b4544-0af4-4283-b2f3-c948fe44e56e" />
    <UnitTestResult executionId="d1765f47-1677-4fd9-8827-107c41eed214" testId="f21d057c-3089-f134-bbeb-a15fb6755a69" testName="mooSQL.Pure.Tests.EntityTranslatorDeleteHookTests.Repository_DeleteById_ShouldFireHooks" computerName="DESKTOP-L49FG3V" duration="00:00:00.0181749" startTime="2026-08-12T00:11:44.0938336+08:00" endTime="2026-08-12T00:11:44.0938337+08:00" testType="13cdc9d9-ddb5-4fa4-a97d-d965ccfc6d4b" outcome="Passed" testListId="8c84fa94-04c1-424b-9868-57a2d4851a1d" relativeResultsDirectory="d1765f47-1677-4fd9-8827-107c41eed214" />
    <UnitTestResult executionId="b3802f8d-c4c3-45d8-b0b0-955090416178" testId="644ba14c-914b-55b3-c6d9-be670c93a0ec" testName="mooSQL.Pure.Tests.SQLClipTests.Select_WithAllFields_ShouldSelectAll" computerName="DESKTOP-L49FG3V" duration="00:00:00.0188491" startTime="2026-08-12T00:11:44.2441627+08:00" endTime="2026-08-12T00:11:44.2441627+08:00" testType="13cdc9d9-ddb5-4fa4-a97d-d965ccfc6d4b" outcome="Passed" testListId="8c84fa94-04c1-424b-9868-57a2d4851a1d" relativeResultsDirectory="b3802f8d-c4c3-45d8-b0b0-955090416178" />
    <UnitTestResult executionId="690026a6-d4b8-45d6-a896-7526d004d392" testId="195e87b8-8ecb-408c-4149-7c25a1176b3f" testName="mooSQL.Pure.Tests.SQLBuilderTests.Update_WithSetMethod_ShouldBuildUpdateSQL" computerName="DESKTOP-L49FG3V" duration="00:00:00.0189557" startTime="2026-08-12T00:11:44.2441051+08:00" endTime="2026-08-12T00:11:44.2441052+08:00" testType="13cdc9d9-ddb5-4fa4-a97d-d965ccfc6d4b" outcome="Passed" testListId="8c84fa94-04c1-424b-9868-57a2d4851a1d" relativeResultsDirectory="690026a6-d4b8-45d6-a896-7526d004d392" />
    <UnitTestResult executionId="ba35a851-42d2-439a-b6d5-7ff16a5b0548" testId="a3d62951-2a7e-78f6-6201-d89de3a10291" testName="mooSQL.Pure.Tests.RouteResolverTests.ShouldAutoReadReplica_false_when_group_not_enabled" computerName="DESKTOP-L49FG3V" duration="00:00:00.0007248" startTime="2026-08-12T00:11:44.1415669+08:00" endTime="2026-08-12T00:11:44.1415671+08:00" testType="13cdc9d9-ddb5-4fa4-a97d-d965ccfc6d4b" outcome="Passed" testListId="8c84fa94-04c1-424b-9868-57a2d4851a1d" relativeResultsDirectory="ba35a851-42d2-439a-b6d5-7ff16a5b0548" />
    <UnitTestResult executionId="f09561f6-0a33-41ce-8b21-a9bce5b3d48f" testId="7df0e90c-069f-b68f-45b7-f0ea3590a1b4" testName="mooSQL.Pure.Tests.SQLBuilderExtensionTests.FindListByIds_WithParams_ShouldReturnList" computerName="DESKTOP-L49FG3V" duration="00:00:00.0153163" startTime="2026-08-12T00:11:44.3042317+08:00" endTime="2026-08-12T00:11:44.3042317+08:00" testType="13cdc9d9-ddb5-4fa4-a97d-d965ccfc6d4b" outcome="Passed" testListId="8c84fa94-04c1-424b-9868-57a2d4851a1d" relativeResultsDirectory="f09561f6-0a33-41ce-8b21-a9bce5b3d48f" />
    <UnitTestResult executionId="301c264d-93d8-436a-9282-53b2e3b709a6" testId="07f8bf29-8f8f-362b-bd5c-1f1abf056f3d" testName="mooSQL.Pure.Tests.EntityTranslatorDeleteHookTests.RemoveById_ShouldFireHooks" computerName="DESKTOP-L49FG3V" duration="00:00:00.0092807" startTime="2026-08-12T00:11:44.1157634+08:00" endTime="2026-08-12T00:11:44.1157634+08:00" testType="13cdc9d9-ddb5-4fa4-a97d-d965ccfc6d4b" outcome="Passed" testListId="8c84fa94-04c1-424b-9868-57a2d4851a1d" relativeResultsDirectory="301c264d-93d8-436a-9282-53b2e3b709a6" />
    <UnitTestResult executionId="d6eb9860-7075-4eeb-b0b3-d278e2f90626" testId="67d1a402-afe7-b1ae-2cfe-09c5c75bdaf3" testName="mooSQL.Pure.Tests.EntityTranslatorDeleteHookTests.PrepareDelete_TypeOverload_ShouldFireHooks" computerName="DESKTOP-L49FG3V" duration="00:00:00.0009351" startTime="2026-08-12T00:11:44.1157981+08:00" endTime="2026-08-12T00:11:44.1157982+08:00" testType="13cdc9d9-ddb5-4fa4-a97d-d965ccfc6d4b" outcome="Passed" testListId="8c84fa94-04c1-424b-9868-57a2d4851a1d" relativeResultsDirectory="d6eb9860-7075-4eeb-b0b3-d278e2f90626" />
    <UnitTestResult executionId="3360900b-2947-4a62-9890-cf68e9573ee3" testId="22bedec7-0084-8935-4530-a41771419587" testName="mooSQL.Pure.Tests.SQLBuilderDelayParaTests.WhereIn_RegistersDelayPara_AndResolveBuildsIn" computerName="DESKTOP-L49FG3V" duration="00:00:00.0063248" startTime="2026-08-12T00:11:44.1963625+08:00" endTime="2026-08-12T00:11:44.1963625+08:00" testType="13cdc9d9-ddb5-4fa4-a97d-d965ccfc6d4b" outcome="Passed" testListId="8c84fa94-04c1-424b-9868-57a2d4851a1d" relativeResultsDirectory="3360900b-2947-4a62-9890-cf68e9573ee3" />
    <UnitTestResult executionId="5ebb0024-2ecb-4db2-8b0c-72c0fe705e61" testId="4d06d2e8-bc73-6e82-76e0-416037902872" testName="mooSQL.Pure.Tests.SQLBuilderScriptTemplateCacheTests.ToSelect_WhereIn_EmptyVsNonEmpty_DifferentKeys_NoCrossHit" computerName="DESKTOP-L49FG3V" duration="00:00:00.0011776" startTime="2026-08-12T00:11:44.1187276+08:00" endTime="2026-08-12T00:11:44.1187277+08:00" testType="13cdc9d9-ddb5-4fa4-a97d-d965ccfc6d4b" outcome="Passed" testListId="8c84fa94-04c1-424b-9868-57a2d4851a1d" relativeResultsDirectory="5ebb0024-2ecb-4db2-8b0c-72c0fe705e61" />
    <UnitTestResult executionId="32c9fe0a-a5a5-4248-a6ca-36370348eb9f" testId="827a9c00-1607-dd63-f4e5-3944518d02b6" testName="mooSQL.Pure.Tests.SQLClipTests.UseTransaction_ShouldSetTransaction" computerName="DESKTOP-L49FG3V" duration="00:00:00.0006318" startTime="2026-08-12T00:11:44.1203151+08:00" endTime="2026-08-12T00:11:44.1203153+08:00" testType="13cdc9d9-ddb5-4fa4-a97d-d965ccfc6d4b" outcome="Passed" testListId="8c84fa94-04c1-424b-9868-57a2d4851a1d" relativeResultsDirectory="32c9fe0a-a5a5-4248-a6ca-36370348eb9f" />
    <UnitTestResult executionId="9d3f823c-2c4c-4560-a280-853de7dfbd1e" testId="c665b968-f3e8-8812-1a96-8f9860fd7d11" testName="mooSQL.Pure.Tests.MaterializerParityTests.ColumnValueReader_ReadsBasicTypes" computerName="DESKTOP-L49FG3V" duration="00:00:00.0001374" startTime="2026-08-12T00:11:44.1765393+08:00" endTime="2026-08-12T00:11:44.1765394+08:00" testType="13cdc9d9-ddb5-4fa4-a97d-d965ccfc6d4b" outcome="Passed" testListId="8c84fa94-04c1-424b-9868-57a2d4851a1d" relativeResultsDirectory="9d3f823c-2c4c-4560-a280-853de7dfbd1e" />
    <UnitTestResult executionId="49e73ac2-94ba-45d5-88c7-f0434135b372" testId="1a7113c9-5422-fd71-ea00-0ef4bc68794f" testName="mooSQL.Pure.Tests.SQLClipTests.SetPage_ShouldAddPagingClause" computerName="DESKTOP-L49FG3V" duration="00:00:00.0029215" startTime="2026-08-12T00:11:44.2827891+08:00" endTime="2026-08-12T00:11:44.2827892+08:00" testType="13cdc9d9-ddb5-4fa4-a97d-d965ccfc6d4b" outcome="Passed" testListId="8c84fa94-04c1-424b-9868-57a2d4851a1d" relativeResultsDirectory="49e73ac2-94ba-45d5-88c7-f0434135b372" />
    <UnitTestResult executionId="e029e5ed-9ead-4bef-aa40-faaa9380c4b3" testId="f435dc6a-742b-bece-79d5-d999ffd93d20" testName="mooSQL.Pure.Tests.SQLiteDDLTests.ToCreateTable_ShouldBuildCreateTableSql" computerName="DESKTOP-L49FG3V" duration="00:00:00.0001609" startTime="2026-08-12T00:11:44.2473783+08:00" endTime="2026-08-12T00:11:44.2473783+08:00" testType="13cdc9d9-ddb5-4fa4-a97d-d965ccfc6d4b" outcome="Passed" testListId="8c84fa94-04c1-424b-9868-57a2d4851a1d" relativeResultsDirectory="e029e5ed-9ead-4bef-aa40-faaa9380c4b3" />
    <UnitTestResult executionId="d06f9051-695b-49be-8bf2-373641becb1c" testId="d0457d3e-2b80-1e8b-b453-35729f3eb7ce" testName="mooSQL.Pure.Tests.SQLBuilderTests.OrderBy_WithMultipleColumns_ShouldAddAllOrders" computerName="DESKTOP-L49FG3V" duration="00:00:00.0013496" startTime="2026-08-12T00:11:44.2191518+08:00" endTime="2026-08-12T00:11:44.2191519+08:00" testType="13cdc9d9-ddb5-4fa4-a97d-d965ccfc6d4b" outcome="Passed" testListId="8c84fa94-04c1-424b-9868-57a2d4851a1d" relativeResultsDirectory="d06f9051-695b-49be-8bf2-373641becb1c" />
    <UnitTestResult executionId="d2b7af20-3d44-42ef-96fe-005b577dce44" testId="e66dfd95-c10e-74e1-4c73-562f9a3471d9" testName="mooSQL.Pure.Tests.SqlSnapshot.SQLBuilderSqlSnapshotTests.Snapshot_ToXxx(name: &quot;delete_where&quot;)" computerName="DESKTOP-L49FG3V" duration="00:00:00.0030060" startTime="2026-08-12T00:11:44.2823650+08:00" endTime="2026-08-12T00:11:44.2823651+08:00" testType="13cdc9d9-ddb5-4fa4-a97d-d965ccfc6d4b" outcome="Passed" testListId="8c84fa94-04c1-424b-9868-57a2d4851a1d" relativeResultsDirectory="d2b7af20-3d44-42ef-96fe-005b577dce44" />
    <UnitTestResult executionId="07e5c66f-bda4-49b8-9810-40022fc003be" testId="616d382f-d0b6-697e-65c7-3ff09be3503f" testName="mooSQL.Pure.Tests.SQLBuilderSubqueryTopTests.TopOnly_MSSQL_ShouldNotUseOffsetFetch_EvenWhenVersionHigh" computerName="DESKTOP-L49FG3V" duration="00:00:00.0004040" startTime="2026-08-12T00:11:44.1978325+08:00" endTime="2026-08-12T00:11:44.1978326+08:00" testType="13cdc9d9-ddb5-4fa4-a97d-d965ccfc6d4b" outcome="Passed" testListId="8c84fa94-04c1-424b-9868-57a2d4851a1d" relativeResultsDirectory="07e5c66f-bda4-49b8-9810-40022fc003be" />
    <UnitTestResult executionId="0237760b-2069-423a-a884-b48a194653ad" testId="bf2b2888-aa5a-5db5-202f-23903973ba22" testName="mooSQL.Pure.Tests.MaterializerParityTests.RegisterGeneratedMaterializers_CopiesStaticToClient" computerName="DESKTOP-L49FG3V" duration="00:00:00.0002946" startTime="2026-08-12T00:11:44.1778351+08:00" endTime="2026-08-12T00:11:44.1778353+08:00" testType="13cdc9d9-ddb5-4fa4-a97d-d965ccfc6d4b" outcome="Passed" testListId="8c84fa94-04c1-424b-9868-57a2d4851a1d" relativeResultsDirectory="0237760b-2069-423a-a884-b48a194653ad" />
    <UnitTestResult executionId="f34d9baf-093a-4bf7-9dd1-366b6efbe4cc" testId="34daca6b-d271-3a9d-d83e-80f9b0fe0afd" testName="mooSQL.Pure.Tests.SqlSnapshot.SQLBuilderSqlSnapshotTests.Snapshot_ToXxx(name: &quot;where_any_field_is&quot;)" computerName="DESKTOP-L49FG3V" duration="00:00:00.0024743" startTime="2026-08-12T00:11:44.2253328+08:00" endTime="2026-08-12T00:11:44.2253329+08:00" testType="13cdc9d9-ddb5-4fa4-a97d-d965ccfc6d4b" outcome="Passed" testListId="8c84fa94-04c1-424b-9868-57a2d4851a1d" relativeResultsDirectory="f34d9baf-093a-4bf7-9dd1-366b6efbe4cc" />
    <UnitTestResult executionId="75d5f44e-948b-47d3-8c8d-2353d670cc0d" testId="f3484813-1aef-701f-7cd1-1e020137286b" testName="mooSQL.Pure.Tests.MaterializerParityTests.GeneratedMaterializerHook_InvokedBeforeCopy" computerName="DESKTOP-L49FG3V" duration="00:00:00.0017205" startTime="2026-08-12T00:11:44.1745351+08:00" endTime="2026-08-12T00:11:44.1745352+08:00" testType="13cdc9d9-ddb5-4fa4-a97d-d965ccfc6d4b" outcome="Passed" testListId="8c84fa94-04c1-424b-9868-57a2d4851a1d" relativeResultsDirectory="75d5f44e-948b-47d3-8c8d-2353d670cc0d" />
    <UnitTestResult executionId="4f8c0cf8-b913-41bd-87cc-078cc2324bad" testId="b1b10ecb-eb86-4a5e-3123-46ddc4a5898f" testName="mooSQL.Pure.Tests.SQLClipTests.Where_WithFieldAndValue_ShouldBuildWhereClause" computerName="DESKTOP-L49FG3V" duration="00:00:00.0052612" startTime="2026-08-12T00:11:44.1899192+08:00" endTime="2026-08-12T00:11:44.1899193+08:00" testType="13cdc9d9-ddb5-4fa4-a97d-d965ccfc6d4b" outcome="Passed" testListId="8c84fa94-04c1-424b-9868-57a2d4851a1d" relativeResultsDirectory="4f8c0cf8-b913-41bd-87cc-078cc2324bad" />
    <UnitTestResult executionId="5d7abf50-f055-4571-9fd2-a8ab1a190784" testId="217930f1-06f0-7831-bf91-037107d3db6e" testName="mooSQL.Pure.Tests.SQLBuilderExistTests.ToSelectExist_SQLite_ShouldUseNativeExistsWithLimit" computerName="DESKTOP-L49FG3V" duration="00:00:00.0004895" startTime="2026-08-12T00:11:44.0965106+08:00" endTime="2026-08-12T00:11:44.0965108+08:00" testType="13cdc9d9-ddb5-4fa4-a97d-d965ccfc6d4b" outcome="Passed" testListId="8c84fa94-04c1-424b-9868-57a2d4851a1d" relativeResultsDirectory="5d7abf50-f055-4571-9fd2-a8ab1a190784" />
    <UnitTestResult executionId="72e64141-c9a6-4110-b2e8-aab929971ec0" testId="52a6246e-a7d0-d0a1-41c5-4b59e9c39b7f" testName="mooSQL.Pure.Tests.SqlSnapshot.SQLBuilderSqlSnapshotTests.Snapshot_ToXxx(name: &quot;where_not_like&quot;)" computerName="DESKTOP-L49FG3V" duration="00:00:00.0104780" startTime="2026-08-12T00:11:44.2179696+08:00" endTime="2026-08-12T00:11:44.2179697+08:00" testType="13cdc9d9-ddb5-4fa4-a97d-d965ccfc6d4b" outcome="Passed" testListId="8c84fa94-04c1-424b-9868-57a2d4851a1d" relativeResultsDirectory="72e64141-c9a6-4110-b2e8-aab929971ec0" />
    <UnitTestResult executionId="9f18cbeb-770d-4e5e-a5e9-edacb9681c04" testId="d85427ce-e28a-8815-0bca-106fbeaa2104" testName="mooSQL.Pure.Tests.SQLBuilderTests.Ifs_WithFalse_ShouldNotExecute" computerName="DESKTOP-L49FG3V" duration="00:00:00.0033104" startTime="2026-08-12T00:11:44.2179052+08:00" endTime="2026-08-12T00:11:44.2179053+08:00" testType="13cdc9d9-ddb5-4fa4-a97d-d965ccfc6d4b" outcome="Passed" testListId="8c84fa94-04c1-424b-9868-57a2d4851a1d" relativeResultsDirectory="9f18cbeb-770d-4e5e-a5e9-edacb9681c04" />
    <UnitTestResult executionId="227781a3-9b4c-421b-be2c-efe947ed749e" testId="b1b9c7c2-0689-5fcd-76df-e8dd9ae25a8a" testName="mooSQL.Pure.Tests.SqlSnapshot.SQLBuilderSqlSnapshotTests.Snapshot_ToXxx(name: &quot;where_like_lefts_params&quot;)" computerName="DESKTOP-L49FG3V" duration="00:00:00.0199856" startTime="2026-08-12T00:11:44.3034088+08:00" endTime="2026-08-12T00:11:44.3034090+08:00" testType="13cdc9d9-ddb5-4fa4-a97d-d965ccfc6d4b" outcome="Passed" testListId="8c84fa94-04c1-424b-9868-57a2d4851a1d" relativeResultsDirectory="227781a3-9b4c-421b-be2c-efe947ed749e" />
    <UnitTestResult executionId="b1a872de-5f2e-45ef-83aa-88da046f2430" testId="9bc25413-8f04-c11f-08e1-7f66fc0a8cc6" testName="mooSQL.Pure.Tests.DBHealthTests.Probe_uses_injected_handler" computerName="DESKTOP-L49FG3V" duration="00:00:00.0047828" startTime="2026-08-12T00:11:44.1959317+08:00" endTime="2026-08-12T00:11:44.1959318+08:00" testType="13cdc9d9-ddb5-4fa4-a97d-d965ccfc6d4b" outcome="Passed" testListId="8c84fa94-04c1-424b-9868-57a2d4851a1d" relativeResultsDirectory="b1a872de-5f2e-45ef-83aa-88da046f2430" />
    <UnitTestResult executionId="73fcd42c-417e-4874-916d-1da0ba3807fa" testId="b7b5d199-a741-0a97-5b5d-2f7fec5778dc" testName="mooSQL.Pure.Tests.SQLBuilderTests.OrderBy_WithDesc_ShouldAddDescOrder" computerName="DESKTOP-L49FG3V" duration="00:00:00.0014908" startTime="2026-08-12T00:11:44.2206173+08:00" endTime="2026-08-12T00:11:44.2206174+08:00" testType="13cdc9d9-ddb5-4fa4-a97d-d965ccfc6d4b" outcome="Passed" testListId="8c84fa94-04c1-424b-9868-57a2d4851a1d" relativeResultsDirectory="73fcd42c-417e-4874-916d-1da0ba3807fa" />
    <UnitTestResult executionId="ab0a904d-3fdf-43ea-adc8-4c2254b30616" testId="7ad40a35-77fb-fefe-0d96-c36d5905dabf" testName="mooSQL.Pure.Tests.SQLClipTests.RightJoin_ShouldAddRightJoinClause" computerName="DESKTOP-L49FG3V" duration="00:00:00.0034111" startTime="2026-08-12T00:11:44.1430055+08:00" endTime="2026-08-12T00:11:44.1430057+08:00" testType="13cdc9d9-ddb5-4fa4-a97d-d965ccfc6d4b" outcome="Passed" testListId="8c84fa94-04c1-424b-9868-57a2d4851a1d" relativeResultsDirectory="ab0a904d-3fdf-43ea-adc8-4c2254b30616" />
    <UnitTestResult executionId="fa4db4c1-cbd4-4ee6-a7ca-51493644802a" testId="d5d6c355-7ea5-33c0-eeeb-1fdf48aadff6" testName="mooSQL.Pure.Tests.SQLBuilderSubqueryTopTests.WhiteBox_SkipTakePositiveSkip_HasSkipTakePagingIsTrue" computerName="DESKTOP-L49FG3V" duration="00:00:00.0001962" startTime="2026-08-12T00:11:44.2086283+08:00" endTime="2026-08-12T00:11:44.2086285+08:00" testType="13cdc9d9-ddb5-4fa4-a97d-d965ccfc6d4b" outcome="Passed" testListId="8c84fa94-04c1-424b-9868-57a2d4851a1d" relativeResultsDirectory="fa4db4c1-cbd4-4ee6-a7ca-51493644802a" />
    <UnitTestResult executionId="1c0fd827-f1af-48e2-9aed-872342612b93" testId="1b5fa1fb-74d5-53b7-fbde-4f8e39b746f9" testName="mooSQL.Pure.Tests.SqlSnapshot.SQLBuilderSqlSnapshotTests.Snapshot_ToXxx(name: &quot;where_not_like_lefts&quot;)" computerName="DESKTOP-L49FG3V" duration="00:00:00.0013235" startTime="2026-08-12T00:11:44.1843261+08:00" endTime="2026-08-12T00:11:44.1843263+08:00" testType="13cdc9d9-ddb5-4fa4-a97d-d965ccfc6d4b" outcome="Passed" testListId="8c84fa94-04c1-424b-9868-57a2d4851a1d" relativeResultsDirectory="1c0fd827-f1af-48e2-9aed-872342612b93" />
    <UnitTestResult executionId="a71f4a58-5847-4266-86cb-43ea0428b5da" testId="cc57ad81-ce9f-bcaa-cc76-c24445b66b18" testName="TestMooSQL.src.TestSQLBuilderSelect.selectWith" computerName="DESKTOP-L49FG3V" duration="00:00:00.0003104" startTime="2026-08-12T00:11:44.3044509+08:00" endTime="2026-08-12T00:11:44.3044510+08:00" testType="13cdc9d9-ddb5-4fa4-a97d-d965ccfc6d4b" outcome="Failed" testListId="8c84fa94-04c1-424b-9868-57a2d4851a1d" relativeResultsDirectory="a71f4a58-5847-4266-86cb-43ea0428b5da">
      <Output>
        <ErrorInfo>
          <Message>Assert.Equal() Failure: Strings differ&#xD;
           ↓ (pos 0)&#xD;
Expected: "with  t1 as (select a from t)  SELECT top"···&#xD;
Actual:   "WITH  t1 AS (select a from t)  SELECT TOP"···&#xD;
           ↑ (pos 0)</Message>
          <StackTrace>   at TestMooSQL.src.TestSQLBuilderSelect.selectWith() in G:\coding\gitee\my\moo-sqlm\mooSQL2024\Tests\TestBug\src\TestExt\TestSQLBuilderSelect.cs:line 40</StackTrace>
        </ErrorInfo>
      </Output>
    </UnitTestResult>
    <UnitTestResult executionId="4475c0c1-6fc0-4b7a-9da1-41e0b87f2f96" testId="849e21a4-c04c-f10b-308d-ebda939c8f6c" testName="mooSQL.Pure.Tests.SQLBuilderDelayParaTests.SelectFromJoinFormat_RegistersDelayParas_AndResolveUsesFormatSQL" computerName="DESKTOP-L49FG3V" duration="00:00:00.0151812" startTime="2026-08-12T00:11:44.1838901+08:00" endTime="2026-08-12T00:11:44.1838902+08:00" testType="13cdc9d9-ddb5-4fa4-a97d-d965ccfc6d4b" outcome="Passed" testListId="8c84fa94-04c1-424b-9868-57a2d4851a1d" relativeResultsDirectory="4475c0c1-6fc0-4b7a-9da1-41e0b87f2f96" />
    <UnitTestResult executionId="a095b44d-37ff-4258-b1e9-bea347ac6b0b" testId="a1bfd142-a365-5a52-9d2a-4481c155a8a2" testName="mooSQL.Pure.Tests.SQLBuilderDelayParaTests.ResolveDelayParas_IsIdempotent" computerName="DESKTOP-L49FG3V" duration="00:00:00.0153430" startTime="2026-08-12T00:11:44.1686807+08:00" endTime="2026-08-12T00:11:44.1686809+08:00" testType="13cdc9d9-ddb5-4fa4-a97d-d965ccfc6d4b" outcome="Passed" testListId="8c84fa94-04c1-424b-9868-57a2d4851a1d" relativeResultsDirectory="a095b44d-37ff-4258-b1e9-bea347ac6b0b" />
    <UnitTestResult executionId="076f866d-db0c-4b67-b507-ef96b10524eb" testId="3f0c3bee-2712-37f5-ebde-80713460aacf" testName="mooSQL.Pure.Tests.src.Auth.AuthOptimizationsTests.MooAuthExtension_WriteTo_ShouldWriteSourceIntoTarget" computerName="DESKTOP-L49FG3V" duration="00:00:00.0050024" startTime="2026-08-12T00:11:44.0857371+08:00" endTime="2026-08-12T00:11:44.0857372+08:00" testType="13cdc9d9-ddb5-4fa4-a97d-d965ccfc6d4b" outcome="Passed" testListId="8c84fa94-04c1-424b-9868-57a2d4851a1d" relativeResultsDirectory="076f866d-db0c-4b67-b507-ef96b10524eb" />
    <UnitTestResult executionId="5ab70d8a-9fd7-413e-b392-8d300d1205e4" testId="d60223b4-e984-0ef1-43f2-2956c1282f90" testName="mooSQL.Pure.Tests.SQLBuilderOrchestrationMetaTests.Counts_LazyScan_ReflectStepKinds" computerName="DESKTOP-L49FG3V" duration="00:00:00.0011875" startTime="2026-08-12T00:11:44.0938637+08:00" endTime="2026-08-12T00:11:44.0938638+08:00" testType="13cdc9d9-ddb5-4fa4-a97d-d965ccfc6d4b" outcome="Passed" testListId="8c84fa94-04c1-424b-9868-57a2d4851a1d" relativeResultsDirectory="5ab70d8a-9fd7-413e-b392-8d300d1205e4" />
    <UnitTestResult executionId="1ec29f25-525b-4dbb-8b40-02b1914d7df3" testId="0ec87cd0-609b-4a4a-8bf5-09617e1ef026" testName="mooSQL.Pure.Tests.DBHealthTests.Unavailable_status_does_not_block_when_failover_disabled" computerName="DESKTOP-L49FG3V" duration="00:00:00.0177162" startTime="2026-08-12T00:11:44.2179363+08:00" endTime="2026-08-12T00:11:44.2179364+08:00" testType="13cdc9d9-ddb5-4fa4-a97d-d965ccfc6d4b" outcome="Passed" testListId="8c84fa94-04c1-424b-9868-57a2d4851a1d" relativeResultsDirectory="1ec29f25-525b-4dbb-8b40-02b1914d7df3" />
    <UnitTestResult executionId="bc1f4e12-8914-443c-b979-7f96325ce99c" testId="590a161b-e019-d373-582f-0ab0082ae416" testName="mooSQL.Pure.Tests.SQLClipTests.From_WithEntity_ShouldBindTable" computerName="DESKTOP-L49FG3V" duration="00:00:00.0055343" startTime="2026-08-12T00:11:44.3100080+08:00" endTime="2026-08-12T00:11:44.3100080+08:00" testType="13cdc9d9-ddb5-4fa4-a97d-d965ccfc6d4b" outcome="Passed" testListId="8c84fa94-04c1-424b-9868-57a2d4851a1d" relativeResultsDirectory="bc1f4e12-8914-443c-b979-7f96325ce99c" />
    <UnitTestResult executionId="f82b0f03-08b0-47d2-a4d3-a8364e45b354" testId="20cca3b7-c8d3-bec9-7dbc-fa28e2ea0c97" testName="mooSQL.Pure.Tests.SQLClipTests.WhereIn_WithArray_ShouldBuildInClause" computerName="DESKTOP-L49FG3V" duration="00:00:00.0111492" startTime="2026-08-12T00:11:44.2594443+08:00" endTime="2026-08-12T00:11:44.2594444+08:00" testType="13cdc9d9-ddb5-4fa4-a97d-d965ccfc6d4b" outcome="Failed" testListId="8c84fa94-04c1-424b-9868-57a2d4851a1d" relativeResultsDirectory="f82b0f03-08b0-47d2-a4d3-a8364e45b354">
      <Output>
        <ErrorInfo>
          <Message>Expected cmd.sql "SELECT * FROM  test_users WHERE @@{{moo.lp:0}} " to contain "IN".</Message>
          <StackTrace>   at FluentAssertions.Execution.XUnit2TestFramework.Throw(String message)&#xD;
   at FluentAssertions.Execution.TestFrameworkProvider.Throw(String message)&#xD;
   at FluentAssertions.Execution.DefaultAssertionStrategy.HandleFailure(String message)&#xD;
   at FluentAssertions.Execution.AssertionScope.FailWith(Func`1 failReasonFunc)&#xD;
   at FluentAssertions.Execution.AssertionScope.FailWith(Func`1 failReasonFunc)&#xD;
   at FluentAssertions.Execution.AssertionScope.FailWith(String message, Object[] args)&#xD;
   at FluentAssertions.Primitives.StringAssertions`1.Contain(String expected, String because, Object[] becauseArgs)&#xD;
   at mooSQL.Pure.Tests.SQLClipTests.WhereIn_WithArray_ShouldBuildInClause() in G:\coding\gitee\my\moo-sqlm\mooSQL2024\Tests\TestBug\src\TestPure\SQLClipTests.cs:line 227</StackTrace>
        </ErrorInfo>
      </Output>
    </UnitTestResult>
    <UnitTestResult executionId="cdd5a2d8-6915-4d98-8058-2547a0cbde13" testId="659ccac0-7d63-67a3-bd66-71fc6abf75ec" testName="mooSQL.Pure.Tests.QueryMultipleTests.ExeQueryMultiple_UniqueRow_WithTwoRows_Throws" computerName="DESKTOP-L49FG3V" duration="00:00:00.0801745" startTime="2026-08-12T00:11:44.1529377+08:00" endTime="2026-08-12T00:11:44.1529379+08:00" testType="13cdc9d9-ddb5-4fa4-a97d-d965ccfc6d4b" outcome="Passed" testListId="8c84fa94-04c1-424b-9868-57a2d4851a1d" relativeResultsDirectory="cdd5a2d8-6915-4d98-8058-2547a0cbde13" />
    <UnitTestResult executionId="2bd05671-86d6-4fd8-ad3e-1c5ac01a1c08" testId="537c42f0-6766-f977-be68-cb0d07467081" testName="TestMooSQL.src.TestSQLBuilderUpdate.RemoveByClip" computerName="DESKTOP-L49FG3V" duration="00:00:00.0014013" startTime="2026-08-12T00:11:44.3122908+08:00" endTime="2026-08-12T00:11:44.3122909+08:00" testType="13cdc9d9-ddb5-4fa4-a97d-d965ccfc6d4b" outcome="Failed" testListId="8c84fa94-04c1-424b-9868-57a2d4851a1d" relativeResultsDirectory="2bd05671-86d6-4fd8-ad3e-1c5ac01a1c08">
      <Output>
        <ErrorInfo>
          <Message>mooSQL.data.health.DBUnavailableException : 数据库实例当前不可用。</Message>
          <StackTrace>   at mooSQL.data.DBExecutor.EnsureHealthBeforeExecute() in G:\coding\gitee\my\moo-sqlm\mooSQL2024\pure\src\ado\data\database\DBExecutor.health.cs:line 46&#xD;
   at mooSQL.data.DBExecutor.ExecuteCmdCore[R](SQLCmd sql, Func`3 executor) in G:\coding\gitee\my\moo-sqlm\mooSQL2024\pure\src\ado\data\database\DBExecutor.cs:line 261&#xD;
   at mooSQL.data.DBExecutor.ExecuteCmd[R](SQLCmd sql, Func`3 executor) in G:\coding\gitee\my\moo-sqlm\mooSQL2024\pure\src\ado\data\database\DBExecutor.cs:line 245&#xD;
   at mooSQL.data.DBExecutor.ExeNonQuery(SQLCmd SQL) in G:\coding\gitee\my\moo-sqlm\mooSQL2024\pure\src\ado\data\database\DBExecutor.cs:line 1139&#xD;
   at mooSQL.data.DBInstance.ExeNonQuery(SQLCmd SQL, DBExecutor runner) in G:\coding\gitee\my\moo-sqlm\mooSQL2024\pure\src\ado\data\database\DBInstance.cs:line 709&#xD;
   at mooSQL.data.StepBuilder.exeNonQuery(SQLCmd sql) in G:\coding\gitee\my\moo-sqlm\mooSQL2024\pure\src\ado\builder\StepBuilderDymatic.cs:line 96&#xD;
   at mooSQL.data.StepBuilder.exeNonQueryPrepared(SQLCmd sql) in G:\coding\gitee\my\moo-sqlm\mooSQL2024\pure\src\ado\builder\StepBuilderDymatic.cs:line 292&#xD;
   at mooSQL.data.SQLBuilder.doDelete() in G:\coding\gitee\my\moo-sqlm\mooSQL2024\pure\src\ado\builder\SQLBuilder.defer.exec.cs:line 98&#xD;
   at mooSQL.data.SQLClip.doDelete() in G:\coding\gitee\my\moo-sqlm\mooSQL2024\pure\src\adoext\clip\SQLClip.update.cs:line 130&#xD;
   at TestMooSQL.src.TestSQLBuilderUpdate.&lt;&gt;c__DisplayClass3_0.&lt;RemoveByClip&gt;b__0(SQLClip c) in G:\coding\gitee\my\moo-sqlm\mooSQL2024\Tests\TestBug\src\TestExt\TestSQLBuilderUpdate.cs:line 78&#xD;
   at mooSQL.data.MooSQLBuilderExtensions.useClip[R](SQLBuilder builder, Func`2 clipAction, Boolean inherit) in G:\coding\gitee\my\moo-sqlm\mooSQL2024\pure\src\utils\door\SQLBuilderExtensions.cs:line 98&#xD;
   at TestMooSQL.src.TestSQLBuilderUpdate.RemoveByClip() in G:\coding\gitee\my\moo-sqlm\mooSQL2024\Tests\TestBug\src\TestExt\TestSQLBuilderUpdate.cs:line 76</StackTrace>
        </ErrorInfo>
      </Output>
    </UnitTestResult>
    <UnitTestResult executionId="606974cf-e821-4406-9f76-4215e29eb19d" testId="36c769ae-39b1-b2ed-5641-c142346093f6" testName="mooSQL.Pure.Tests.SQLBuilderOrchestrationMetaTests.ParaRule_NotEmpty_EmptyString_Where_DifferentFromNonEmpty" computerName="DESKTOP-L49FG3V" duration="00:00:00.0003296" startTime="2026-08-12T00:11:44.0900469+08:00" endTime="2026-08-12T00:11:44.0900469+08:00" testType="13cdc9d9-ddb5-4fa4-a97d-d965ccfc6d4b" outcome="Passed" testListId="8c84fa94-04c1-424b-9868-57a2d4851a1d" relativeResultsDirectory="606974cf-e821-4406-9f76-4215e29eb19d" />
    <UnitTestResult executionId="dfe55858-952d-4c36-afe3-00c47a8b3ca8" testId="aca47f21-37c2-b7d2-6b76-992f12c57d6d" testName="mooSQL.Pure.Tests.SQLBuilderApartTests.toApart_WithCte_ShouldReplay" computerName="DESKTOP-L49FG3V" duration="00:00:00.0089380" startTime="2026-08-12T00:11:44.1963423+08:00" endTime="2026-08-12T00:11:44.1963424+08:00" testType="13cdc9d9-ddb5-4fa4-a97d-d965ccfc6d4b" outcome="Failed" testListId="8c84fa94-04c1-424b-9868-57a2d4851a1d" relativeResultsDirectory="dfe55858-952d-4c36-afe3-00c47a8b3ca8">
      <Output>
        <ErrorInfo>
          <Message>Expected actual.sql to be "WITH  cte1 AS (SELECT id FROM t )  SELECT u.* FROM users u WHERE u.id = @kgwh_0_ms_s0 " with a length of 86, but "WITH  cte1 AS (SELECT id FROM t )  SELECT u.* FROM users u " has a length of 59, differs near " " (index 58).</Message>
          <StackTrace>   at FluentAssertions.Execution.XUnit2TestFramework.Throw(String message)&#xD;
   at FluentAssertions.Execution.TestFrameworkProvider.Throw(String message)&#xD;
   at FluentAssertions.Execution.DefaultAssertionStrategy.HandleFailure(String message)&#xD;
   at FluentAssertions.Execution.AssertionScope.FailWith(Func`1 failReasonFunc)&#xD;
   at FluentAssertions.Execution.AssertionScope.FailWith(Func`1 failReasonFunc)&#xD;
   at FluentAssertions.Primitives.StringEqualityValidator.ValidateAgainstLengthDifferences()&#xD;
   at FluentAssertions.Primitives.StringValidator.Validate()&#xD;
   at FluentAssertions.Primitives.StringAssertions`1.Be(String expected, String because, Object[] becauseArgs)&#xD;
   at mooSQL.Pure.Tests.SQLBuilderApartTests.AssertSqlCmdEqual(SQLCmd expected, SQLCmd actual) in G:\coding\gitee\my\moo-sqlm\mooSQL2024\Tests\TestBug\src\TestPure\SQLBuilderApartTests.cs:line 13&#xD;
   at mooSQL.Pure.Tests.SQLBuilderApartTests.toApart_WithCte_ShouldReplay() in G:\coding\gitee\my\moo-sqlm\mooSQL2024\Tests\TestBug\src\TestPure\SQLBuilderApartTests.cs:line 125</StackTrace>
        </ErrorInfo>
      </Output>
    </UnitTestResult>
    <UnitTestResult executionId="d952334a-f59c-4634-b88d-74a605bdf061" testId="3beb8a1b-7a3b-d12e-f4d2-63dde6d48f59" testName="mooSQL.Pure.Tests.SQLClipTests.From_WithAlias_ShouldSetAlias" computerName="DESKTOP-L49FG3V" duration="00:00:00.0020855" startTime="2026-08-12T00:11:44.2232961+08:00" endTime="2026-08-12T00:11:44.2232961+08:00" testType="13cdc9d9-ddb5-4fa4-a97d-d965ccfc6d4b" outcome="Passed" testListId="8c84fa94-04c1-424b-9868-57a2d4851a1d" relativeResultsDirectory="d952334a-f59c-4634-b88d-74a605bdf061" />
    <UnitTestResult executionId="e01a1f3d-c7f9-4444-b79e-76b898736e13" testId="c4f516eb-312e-58c4-266d-2fa48f3db187" testName="mooSQL.Pure.Tests.SQLBuilderSubqueryTopTests.WhiteBox_BrotherBuilder_InheritsDialect_ForSubqueryTop" computerName="DESKTOP-L49FG3V" duration="00:00:00.0005627" startTime="2026-08-12T00:11:44.2212150+08:00" endTime="2026-08-12T00:11:44.2212151+08:00" testType="13cdc9d9-ddb5-4fa4-a97d-d965ccfc6d4b" outcome="Passed" testListId="8c84fa94-04c1-424b-9868-57a2d4851a1d" relativeResultsDirectory="e01a1f3d-c7f9-4444-b79e-76b898736e13" />
    <UnitTestResult executionId="baa62bad-5032-444d-8857-2a091a1c1caf" testId="2a8c57a2-240f-aed9-b79f-be18c0e5390b" testName="mooSQL.Pure.Tests.RouteResolverTests.ShouldAutoReadReplica_true_when_group_enabled" computerName="DESKTOP-L49FG3V" duration="00:00:00.0005666" startTime="2026-08-12T00:11:44.1508578+08:00" endTime="2026-08-12T00:11:44.1508579+08:00" testType="13cdc9d9-ddb5-4fa4-a97d-d965ccfc6d4b" outcome="Passed" testListId="8c84fa94-04c1-424b-9868-57a2d4851a1d" relativeResultsDirectory="baa62bad-5032-444d-8857-2a091a1c1caf" />
    <UnitTestResult executionId="939a8184-0432-46cb-940c-67dc15a3e867" testId="ba54c0ec-9946-a95a-4e3c-f3d8f4187629" testName="mooSQL.Pure.Tests.SQLBuilderStaticSlotTests.WhereKeyValOp_Unparamed_DoesNotConsumeSlot" computerName="DESKTOP-L49FG3V" duration="00:00:00.0009404" startTime="2026-08-12T00:11:44.1155707+08:00" endTime="2026-08-12T00:11:44.1155707+08:00" testType="13cdc9d9-ddb5-4fa4-a97d-d965ccfc6d4b" outcome="Passed" testListId="8c84fa94-04c1-424b-9868-57a2d4851a1d" relativeResultsDirectory="939a8184-0432-46cb-940c-67dc15a3e867" />
    <UnitTestResult executionId="22cf8379-f03d-468f-8b0c-649f6d8fdc38" testId="fd685eaa-365c-4847-6ec2-3ea6a05b4a88" testName="mooSQL.Pure.Tests.EntityTranslatorDeleteHookTests.RemoveByIds_ShouldFireHooksOnce" computerName="DESKTOP-L49FG3V" duration="00:00:00.0219756" startTime="2026-08-12T00:11:44.1392678+08:00" endTime="2026-08-12T00:11:44.1392679+08:00" testType="13cdc9d9-ddb5-4fa4-a97d-d965ccfc6d4b" outcome="Passed" testListId="8c84fa94-04c1-424b-9868-57a2d4851a1d" relativeResultsDirectory="22cf8379-f03d-468f-8b0c-649f6d8fdc38" />
    <UnitTestResult executionId="355a125d-9271-4837-aa8e-1f9645db6575" testId="0db72133-5e31-c625-e448-c80d3dc2b0e0" testName="mooSQL.Pure.Tests.SQLClipTests.Select_WithExpression_ShouldBuildCorrectSQL" computerName="DESKTOP-L49FG3V" duration="00:00:00.0010202" startTime="2026-08-12T00:11:44.1196495+08:00" endTime="2026-08-12T00:11:44.1196497+08:00" testType="13cdc9d9-ddb5-4fa4-a97d-d965ccfc6d4b" outcome="Passed" testListId="8c84fa94-04c1-424b-9868-57a2d4851a1d" relativeResultsDirectory="355a125d-9271-4837-aa8e-1f9645db6575" />
    <UnitTestResult executionId="336154c6-d219-4617-a92b-9903251b080a" testId="5205a7db-9727-08e2-547c-8e47f4aa6aa4" testName="TestMooSQL.src.TestSQLBuilderUpdate.fastRemoveByClip" computerName="DESKTOP-L49FG3V" duration="00:00:00.0008082" startTime="2026-08-12T00:11:44.3132913+08:00" endTime="2026-08-12T00:11:44.3132914+08:00" testType="13cdc9d9-ddb5-4fa4-a97d-d965ccfc6d4b" outcome="Failed" testListId="8c84fa94-04c1-424b-9868-57a2d4851a1d" relativeResultsDirectory="336154c6-d219-4617-a92b-9903251b080a">
      <Output>
        <ErrorInfo>
          <Message>mooSQL.data.health.DBUnavailableException : 数据库实例当前不可用。</Message>
          <StackTrace>   at mooSQL.data.DBExecutor.EnsureHealthBeforeExecute() in G:\coding\gitee\my\moo-sqlm\mooSQL2024\pure\src\ado\data\database\DBExecutor.health.cs:line 46&#xD;
   at mooSQL.data.DBExecutor.ExecuteCmdCore[R](SQLCmd sql, Func`3 executor) in G:\coding\gitee\my\moo-sqlm\mooSQL2024\pure\src\ado\data\database\DBExecutor.cs:line 261&#xD;
   at mooSQL.data.DBExecutor.ExecuteCmd[R](SQLCmd sql, Func`3 executor) in G:\coding\gitee\my\moo-sqlm\mooSQL2024\pure\src\ado\data\database\DBExecutor.cs:line 245&#xD;
   at mooSQL.data.DBExecutor.ExeNonQuery(SQLCmd SQL) in G:\coding\gitee\my\moo-sqlm\mooSQL2024\pure\src\ado\data\database\DBExecutor.cs:line 1139&#xD;
   at mooSQL.data.DBInstance.ExeNonQuery(SQLCmd SQL, DBExecutor runner) in G:\coding\gitee\my\moo-sqlm\mooSQL2024\pure\src\ado\data\database\DBInstance.cs:line 709&#xD;
   at mooSQL.data.StepBuilder.exeNonQuery(SQLCmd sql) in G:\coding\gitee\my\moo-sqlm\mooSQL2024\pure\src\ado\builder\StepBuilderDymatic.cs:line 96&#xD;
   at mooSQL.data.StepBuilder.exeNonQueryPrepared(SQLCmd sql) in G:\coding\gitee\my\moo-sqlm\mooSQL2024\pure\src\ado\builder\StepBuilderDymatic.cs:line 292&#xD;
   at mooSQL.data.SQLBuilder.doDelete() in G:\coding\gitee\my\moo-sqlm\mooSQL2024\pure\src\ado\builder\SQLBuilder.defer.exec.cs:line 98&#xD;
   at mooSQL.data.SQLClip.doDelete() in G:\coding\gitee\my\moo-sqlm\mooSQL2024\pure\src\adoext\clip\SQLClip.update.cs:line 130&#xD;
   at mooSQL.data.MooSQLBuilderExtensions.removeBy[T](SQLBuilder builder, Action`2 doClipFilting) in G:\coding\gitee\my\moo-sqlm\mooSQL2024\pure\src\utils\door\SQLBuilderExtensions.cs:line 1094&#xD;
   at TestMooSQL.src.TestSQLBuilderUpdate.fastRemoveByClip() in G:\coding\gitee\my\moo-sqlm\mooSQL2024\Tests\TestBug\src\TestExt\TestSQLBuilderUpdate.cs:line 96</StackTrace>
        </ErrorInfo>
      </Output>
    </UnitTestResult>
    <UnitTestResult executionId="bbbf79bf-f051-48d9-829c-83b9c34c693a" testId="ed45620a-4d76-5b67-2f90-81819f3387c1" testName="mooSQL.Pure.Tests.SQLBuilderSubqueryTopTests.FromSubquery_Top_LimitDialects_ShouldEmitLimitOffsetInsideSubquery(dbType: MySQL)" computerName="DESKTOP-L49FG3V" duration="00:00:00.0001158" startTime="2026-08-12T00:11:44.1833030+08:00" endTime="2026-08-12T00:11:44.1833031+08:00" testType="13cdc9d9-ddb5-4fa4-a97d-d965ccfc6d4b" outcome="Passed" testListId="8c84fa94-04c1-424b-9868-57a2d4851a1d" relativeResultsDirectory="bbbf79bf-f051-48d9-829c-83b9c34c693a" />
    <UnitTestResult executionId="aff7eb00-3890-4878-9bf9-b198102bbe1d" testId="31c0d7b7-6374-d64b-0b68-815d608fc35e" testName="mooSQL.Pure.Tests.SQLBuilderScriptTemplateCacheTests.ToSelect_WhereCompare_HitsAndRebinds" computerName="DESKTOP-L49FG3V" duration="00:00:00.0022670" startTime="2026-08-12T00:11:44.1412768+08:00" endTime="2026-08-12T00:11:44.1412768+08:00" testType="13cdc9d9-ddb5-4fa4-a97d-d965ccfc6d4b" outcome="Passed" testListId="8c84fa94-04c1-424b-9868-57a2d4851a1d" relativeResultsDirectory="aff7eb00-3890-4878-9bf9-b198102bbe1d" />
    <UnitTestResult executionId="aa72c085-e66f-474b-97d8-d9a0f3ef725b" testId="4beec22e-542e-51e8-4ad3-23c3a8e9274d" testName="mooSQL.Pure.Tests.src.Auth.AuthOptimizationsTests.CodeRange_AddBindValue_ShouldReturnFalse_WhenCoveredByContainValue" computerName="DESKTOP-L49FG3V" duration="00:00:00.0020017" startTime="2026-08-12T00:11:44.1155794+08:00" endTime="2026-08-12T00:11:44.1155795+08:00" testType="13cdc9d9-ddb5-4fa4-a97d-d965ccfc6d4b" outcome="Passed" testListId="8c84fa94-04c1-424b-9868-57a2d4851a1d" relativeResultsDirectory="aa72c085-e66f-474b-97d8-d9a0f3ef725b" />
    <UnitTestResult executionId="6b85c3fd-2fc8-47f1-a204-d026515c1fba" testId="218490d8-56a3-51f0-390f-d3277bef58b1" testName="mooSQL.Pure.Tests.SQLBuilderScriptTemplateCacheTests.ToSelect_ExplicitlyDisabled_DoesNotTouchCache" computerName="DESKTOP-L49FG3V" duration="00:00:00.0022850" startTime="2026-08-12T00:11:44.1436750+08:00" endTime="2026-08-12T00:11:44.1436751+08:00" testType="13cdc9d9-ddb5-4fa4-a97d-d965ccfc6d4b" outcome="Passed" testListId="8c84fa94-04c1-424b-9868-57a2d4851a1d" relativeResultsDirectory="6b85c3fd-2fc8-47f1-a204-d026515c1fba" />
    <UnitTestResult executionId="2699c6f1-016b-45ef-8f42-3b79ba5cdef0" testId="7569ce4f-ac4d-fe44-30aa-57bfd0465b30" testName="mooSQL.Pure.Tests.SqlSnapshot.SQLBuilderSqlSnapshotTests.Snapshot_ToXxx(name: &quot;where_exist_action&quot;)" computerName="DESKTOP-L49FG3V" duration="00:00:00.0187577" startTime="2026-08-12T00:11:44.2444946+08:00" endTime="2026-08-12T00:11:44.2444946+08:00" testType="13cdc9d9-ddb5-4fa4-a97d-d965ccfc6d4b" outcome="Passed" testListId="8c84fa94-04c1-424b-9868-57a2d4851a1d" relativeResultsDirectory="2699c6f1-016b-45ef-8f42-3b79ba5cdef0" />
    <UnitTestResult executionId="415cf7f5-ee8c-454a-bd18-6f0f1dacc899" testId="10e8cc29-7cfc-6f93-303c-6303610a65b0" testName="mooSQL.Pure.Tests.SQLBuilderExtensionTests.CountBy_NoFilter_ShouldReturnInt" computerName="DESKTOP-L49FG3V" duration="00:00:00.0033952" startTime="2026-08-12T00:11:44.2815469+08:00" endTime="2026-08-12T00:11:44.2815470+08:00" testType="13cdc9d9-ddb5-4fa4-a97d-d965ccfc6d4b" outcome="Passed" testListId="8c84fa94-04c1-424b-9868-57a2d4851a1d" relativeResultsDirectory="415cf7f5-ee8c-454a-bd18-6f0f1dacc899" />
    <UnitTestResult executionId="f61facd3-0282-4e50-8280-74a07638280a" testId="fd65e39f-1eaa-bd6b-a1d7-63a235c14d17" testName="mooSQL.Pure.Tests.SlaveReplicationTests.TeamHeader_dispatches_modify_to_members" computerName="DESKTOP-L49FG3V" duration="00:00:00.0248900" startTime="2026-08-12T00:11:44.1158094+08:00" endTime="2026-08-12T00:11:44.1158095+08:00" testType="13cdc9d9-ddb5-4fa4-a97d-d965ccfc6d4b" outcome="Passed" testListId="8c84fa94-04c1-424b-9868-57a2d4851a1d" relativeResultsDirectory="f61facd3-0282-4e50-8280-74a07638280a" />
    <UnitTestResult executionId="21271e72-30bd-42fb-a23a-203e6ca8d212" testId="50dce89c-3425-2671-46bc-22a390b1feb8" testName="mooSQL.Pure.Tests.SQLBuilderStaticSlotTests.WhereKeyValOp_UsesStableMsSlotName" computerName="DESKTOP-L49FG3V" duration="00:00:00.0010766" startTime="2026-08-12T00:11:44.0972742+08:00" endTime="2026-08-12T00:11:44.0972744+08:00" testType="13cdc9d9-ddb5-4fa4-a97d-d965ccfc6d4b" outcome="Passed" testListId="8c84fa94-04c1-424b-9868-57a2d4851a1d" relativeResultsDirectory="21271e72-30bd-42fb-a23a-203e6ca8d212" />
    <UnitTestResult executionId="02203428-a265-450a-98ed-15d9b4c97008" testId="5edee39f-4db0-be47-4f2c-a2f70094225c" testName="mooSQL.Pure.Tests.QueryMultipleTests.ExeQueryMultipleAsync_SyncCallback_Works" computerName="DESKTOP-L49FG3V" duration="00:00:00.0119945" startTime="2026-08-12T00:11:44.2212289+08:00" endTime="2026-08-12T00:11:44.2212289+08:00" testType="13cdc9d9-ddb5-4fa4-a97d-d965ccfc6d4b" outcome="Passed" testListId="8c84fa94-04c1-424b-9868-57a2d4851a1d" relativeResultsDirectory="02203428-a265-450a-98ed-15d9b4c97008" />
    <UnitTestResult executionId="7335cb75-478b-4adf-98b1-38c9814a030d" testId="361fe12e-069e-dc65-d76c-01ec8ab0d991" testName="TestMooSQL.src.TestSQLBuilderUpdate.fastUpdateByClip" computerName="DESKTOP-L49FG3V" duration="00:00:00.0009835" startTime="2026-08-12T00:11:44.3171874+08:00" endTime="2026-08-12T00:11:44.3171875+08:00" testType="13cdc9d9-ddb5-4fa4-a97d-d965ccfc6d4b" outcome="Failed" testListId="8c84fa94-04c1-424b-9868-57a2d4851a1d" relativeResultsDirectory="7335cb75-478b-4adf-98b1-38c9814a030d">
      <Output>
        <ErrorInfo>
          <Message>mooSQL.data.health.DBUnavailableException : 数据库实例当前不可用。</Message>
          <StackTrace>   at mooSQL.data.DBExecutor.EnsureHealthBeforeExecute() in G:\coding\gitee\my\moo-sqlm\mooSQL2024\pure\src\ado\data\database\DBExecutor.health.cs:line 46&#xD;
   at mooSQL.data.DBExecutor.ExecuteCmdCore[R](SQLCmd sql, Func`3 executor) in G:\coding\gitee\my\moo-sqlm\mooSQL2024\pure\src\ado\data\database\DBExecutor.cs:line 261&#xD;
   at mooSQL.data.DBExecutor.ExecuteCmd[R](SQLCmd sql, Func`3 executor) in G:\coding\gitee\my\moo-sqlm\mooSQL2024\pure\src\ado\data\database\DBExecutor.cs:line 245&#xD;
   at mooSQL.data.DBExecutor.ExeNonQuery(SQLCmd SQL) in G:\coding\gitee\my\moo-sqlm\mooSQL2024\pure\src\ado\data\database\DBExecutor.cs:line 1139&#xD;
   at mooSQL.data.DBInstance.ExeNonQuery(SQLCmd SQL, DBExecutor runner) in G:\coding\gitee\my\moo-sqlm\mooSQL2024\pure\src\ado\data\database\DBInstance.cs:line 709&#xD;
   at mooSQL.data.StepBuilder.exeNonQuery(SQLCmd sql) in G:\coding\gitee\my\moo-sqlm\mooSQL2024\pure\src\ado\builder\StepBuilderDymatic.cs:line 96&#xD;
   at mooSQL.data.StepBuilder.exeNonQueryPrepared(SQLCmd sql) in G:\coding\gitee\my\moo-sqlm\mooSQL2024\pure\src\ado\builder\StepBuilderDymatic.cs:line 292&#xD;
   at mooSQL.data.SQLBuilder.doUpdate() in G:\coding\gitee\my\moo-sqlm\mooSQL2024\pure\src\ado\builder\SQLBuilder.defer.exec.cs:line 76&#xD;
   at mooSQL.data.SQLClip.doUpdate() in G:\coding\gitee\my\moo-sqlm\mooSQL2024\pure\src\adoext\clip\SQLClip.update.cs:line 112&#xD;
   at mooSQL.data.MooSQLBuilderExtensions.modifyBy[T](SQLBuilder builder, Action`2 doClipFilting) in G:\coding\gitee\my\moo-sqlm\mooSQL2024\pure\src\utils\door\SQLBuilderExtensions.cs:line 1080&#xD;
   at TestMooSQL.src.TestSQLBuilderUpdate.fastUpdateByClip() in G:\coding\gitee\my\moo-sqlm\mooSQL2024\Tests\TestBug\src\TestExt\TestSQLBuilderUpdate.cs:line 57</StackTrace>
        </ErrorInfo>
      </Output>
    </UnitTestResult>
    <UnitTestResult executionId="02b8e2cd-351c-41f3-8393-4971f307b469" testId="0e3ec545-09da-7136-c692-d94cf91934a4" testName="mooSQL.Pure.Tests.SQLClipTests.Where_WithLambdaExpression_ShouldBuildWhereClause" computerName="DESKTOP-L49FG3V" duration="00:00:00.0024428" startTime="2026-08-12T00:11:44.2479363+08:00" endTime="2026-08-12T00:11:44.2479365+08:00" testType="13cdc9d9-ddb5-4fa4-a97d-d965ccfc6d4b" outcome="Passed" testListId="8c84fa94-04c1-424b-9868-57a2d4851a1d" relativeResultsDirectory="02b8e2cd-351c-41f3-8393-4971f307b469" />
    <UnitTestResult executionId="8f430be1-6cbc-4be9-9475-46cfb007421a" testId="75a6f550-5746-d4e2-b7cc-e8d2564c9325" testName="mooSQL.Pure.Tests.EntityTranslatorDeleteHookTests.PrepareDeleteById_ShouldFireHooks" computerName="DESKTOP-L49FG3V" duration="00:00:00.0011415" startTime="2026-08-12T00:11:44.1160532+08:00" endTime="2026-08-12T00:11:44.1160534+08:00" testType="13cdc9d9-ddb5-4fa4-a97d-d965ccfc6d4b" outcome="Passed" testListId="8c84fa94-04c1-424b-9868-57a2d4851a1d" relativeResultsDirectory="8f430be1-6cbc-4be9-9475-46cfb007421a" />
    <UnitTestResult executionId="16a84c84-b843-4d5c-92f3-8b8064028e02" testId="68252538-f913-eb47-38aa-87acdaf72329" testName="mooSQL.Pure.Tests.RouteResolverTests.Continuous_failover_skips_second_failed_hot_standby" computerName="DESKTOP-L49FG3V" duration="00:00:00.0034723" startTime="2026-08-12T00:11:44.1412454+08:00" endTime="2026-08-12T00:11:44.1412455+08:00" testType="13cdc9d9-ddb5-4fa4-a97d-d965ccfc6d4b" outcome="Passed" testListId="8c84fa94-04c1-424b-9868-57a2d4851a1d" relativeResultsDirectory="16a84c84-b843-4d5c-92f3-8b8064028e02" />
    <UnitTestResult executionId="01485fa2-8cc7-4d32-b1b2-91c012ab77d8" testId="6fbee1bc-ecf4-8f50-52f1-377b0fc212ae" testName="TestMooSQL.src.TestSQLBuilderSelect.selectWhereSub1" computerName="DESKTOP-L49FG3V" duration="00:00:00.0002774" startTime="2026-08-12T00:11:44.3159778+08:00" endTime="2026-08-12T00:11:44.3159778+08:00" testType="13cdc9d9-ddb5-4fa4-a97d-d965ccfc6d4b" outcome="Failed" testListId="8c84fa94-04c1-424b-9868-57a2d4851a1d" relativeResultsDirectory="01485fa2-8cc7-4d32-b1b2-91c012ab77d8">
      <Output>
        <ErrorInfo>
          <Message>Assert.Equal() Failure: Strings differ&#xD;
                  ↓ (pos 7)&#xD;
Expected: "SELECT top 1 a.Name from tableA as a wher"···&#xD;
Actual:   "SELECT TOP 1 a.Name FROM tableA as a WHER"···&#xD;
                  ↑ (pos 7)</Message>
          <StackTrace>   at TestMooSQL.src.TestSQLBuilderSelect.selectWhereSub1() in G:\coding\gitee\my\moo-sqlm\mooSQL2024\Tests\TestBug\src\TestExt\TestSQLBuilderSelect.cs:line 154</StackTrace>
        </ErrorInfo>
      </Output>
    </UnitTestResult>
    <UnitTestResult executionId="4ff1d6ff-98c0-4339-a2ba-026e6d327420" testId="eb608ccd-5558-3bc3-4dd2-dd44ee4f77e0" testName="mooSQL.Pure.Tests.SQLClipTests.QueryWithJoin_ShouldBuildCorrectSQL" computerName="DESKTOP-L49FG3V" duration="00:00:00.0445017" startTime="2026-08-12T00:11:44.1172771+08:00" endTime="2026-08-12T00:11:44.1172772+08:00" testType="13cdc9d9-ddb5-4fa4-a97d-d965ccfc6d4b" outcome="Passed" testListId="8c84fa94-04c1-424b-9868-57a2d4851a1d" relativeResultsDirectory="4ff1d6ff-98c0-4339-a2ba-026e6d327420" />
    <UnitTestResult executionId="ea6350b0-9b99-48d5-80e8-343771b3ecd5" testId="c2527083-33a9-6e00-b471-0caf38b57928" testName="mooSQL.Pure.Tests.RouteResolverTests.ResolveRead_selects_available_replica" computerName="DESKTOP-L49FG3V" duration="00:00:00.0014294" startTime="2026-08-12T00:11:44.1490399+08:00" endTime="2026-08-12T00:11:44.1490401+08:00" testType="13cdc9d9-ddb5-4fa4-a97d-d965ccfc6d4b" outcome="Passed" testListId="8c84fa94-04c1-424b-9868-57a2d4851a1d" relativeResultsDirectory="ea6350b0-9b99-48d5-80e8-343771b3ecd5" />
    <UnitTestResult executionId="b5117afe-8c11-4755-96be-9d928f93f5e9" testId="07037170-56f6-9bec-30cc-c7a3d33922e7" testName="mooSQL.Pure.Tests.SQLClipTests.Sink_ShouldCreateAndBranch" computerName="DESKTOP-L49FG3V" duration="00:00:00.0162574" startTime="2026-08-12T00:11:44.1845928+08:00" endTime="2026-08-12T00:11:44.1845930+08:00" testType="13cdc9d9-ddb5-4fa4-a97d-d965ccfc6d4b" outcome="Passed" testListId="8c84fa94-04c1-424b-9868-57a2d4851a1d" relativeResultsDirectory="b5117afe-8c11-4755-96be-9d928f93f5e9" />
    <UnitTestResult executionId="3429e33e-5a47-46ca-b49c-8f892d4c24b3" testId="4f4e3784-eade-41ad-28a0-97d25ff7bdc2" testName="mooSQL.Pure.Tests.SqlSnapshot.SQLBuilderSqlSnapshotTests.Snapshot_ToXxx(name: &quot;to_select_exist&quot;)" computerName="DESKTOP-L49FG3V" duration="00:00:00.0017426" startTime="2026-08-12T00:11:44.2228181+08:00" endTime="2026-08-12T00:11:44.2228182+08:00" testType="13cdc9d9-ddb5-4fa4-a97d-d965ccfc6d4b" outcome="Passed" testListId="8c84fa94-04c1-424b-9868-57a2d4851a1d" relativeResultsDirectory="3429e33e-5a47-46ca-b49c-8f892d4c24b3" />
    <UnitTestResult executionId="d705438c-5988-43c8-95b4-660a78ac35ff" testId="8a498295-c174-9deb-6806-7fe5b9c9071d" testName="mooSQL.Pure.Tests.SQLBuilderStaticSlotTests.WhereKeyVal_Multiple_AssignsIncrementalSlots" computerName="DESKTOP-L49FG3V" duration="00:00:00.0006501" startTime="2026-08-12T00:11:44.0979462+08:00" endTime="2026-08-12T00:11:44.0979464+08:00" testType="13cdc9d9-ddb5-4fa4-a97d-d965ccfc6d4b" outcome="Passed" testListId="8c84fa94-04c1-424b-9868-57a2d4851a1d" relativeResultsDirectory="d705438c-5988-43c8-95b4-660a78ac35ff" />
    <UnitTestResult executionId="ed44491a-ebbb-4fe3-ba91-f163d4dda5d4" testId="3ef3125d-2f65-7df3-44a1-970d7f8a9554" testName="mooSQL.Pure.Tests.MaterializerParityTests.EnableAot_Toggle_PurgesQueryCache" computerName="DESKTOP-L49FG3V" duration="00:00:00.0000997" startTime="2026-08-12T00:11:44.1755573+08:00" endTime="2026-08-12T00:11:44.1755575+08:00" testType="13cdc9d9-ddb5-4fa4-a97d-d965ccfc6d4b" outcome="Passed" testListId="8c84fa94-04c1-424b-9868-57a2d4851a1d" relativeResultsDirectory="ed44491a-ebbb-4fe3-ba91-f163d4dda5d4" />
    <UnitTestResult executionId="736a9026-bf7c-4559-b306-d026b2877f12" testId="889cc080-b5f8-4f44-2531-b42812ab1363" testName="mooSQL.Pure.Tests.SqlSnapshot.SQLBuilderSqlSnapshotTests.Snapshot_ToXxx(name: &quot;where_list_op&quot;)" computerName="DESKTOP-L49FG3V" duration="00:00:00.0015973" startTime="2026-08-12T00:11:44.2195705+08:00" endTime="2026-08-12T00:11:44.2195705+08:00" testType="13cdc9d9-ddb5-4fa4-a97d-d965ccfc6d4b" outcome="Passed" testListId="8c84fa94-04c1-424b-9868-57a2d4851a1d" relativeResultsDirectory="736a9026-bf7c-4559-b306-d026b2877f12" />
    <UnitTestResult executionId="87983a4b-1e49-4272-ab6b-62c06b73c706" testId="6e103aa7-1a0e-0db1-1a76-fae832223dd8" testName="mooSQL.Pure.Tests.SQLClipTests.Where_WithOperator_ShouldBuildWhereClause" computerName="DESKTOP-L49FG3V" duration="00:00:00.0012983" startTime="2026-08-12T00:11:44.2454441+08:00" endTime="2026-08-12T00:11:44.2454443+08:00" testType="13cdc9d9-ddb5-4fa4-a97d-d965ccfc6d4b" outcome="Passed" testListId="8c84fa94-04c1-424b-9868-57a2d4851a1d" relativeResultsDirectory="87983a4b-1e49-4272-ab6b-62c06b73c706" />
    <UnitTestResult executionId="8579ecb0-e5b1-4007-b7c2-960661b78258" testId="0602d89e-d3b0-2603-bba1-92e705359590" testName="mooSQL.Pure.Tests.SQLBuilderRouteTests.copy_inherits_route_context" computerName="DESKTOP-L49FG3V" duration="00:00:00.0024684" startTime="2026-08-12T00:11:44.1432513+08:00" endTime="2026-08-12T00:11:44.1432515+08:00" testType="13cdc9d9-ddb5-4fa4-a97d-d965ccfc6d4b" outcome="Passed" testListId="8c84fa94-04c1-424b-9868-57a2d4851a1d" relativeResultsDirectory="8579ecb0-e5b1-4007-b7c2-960661b78258" />
    <UnitTestResult executionId="212546ef-b207-461b-9b0e-1c294d30656a" testId="a8cee1ca-0ada-0867-4d5c-23c2839ca1dd" testName="mooSQL.Pure.Tests.SQLBuilderExtensionTests.ToInsert_WithEntity_ShouldBuildInsertSql" computerName="DESKTOP-L49FG3V" duration="00:00:00.0020320" startTime="2026-08-12T00:11:44.2601496+08:00" endTime="2026-08-12T00:11:44.2601497+08:00" testType="13cdc9d9-ddb5-4fa4-a97d-d965ccfc6d4b" outcome="Passed" testListId="8c84fa94-04c1-424b-9868-57a2d4851a1d" relativeResultsDirectory="212546ef-b207-461b-9b0e-1c294d30656a" />
    <UnitTestResult executionId="0b5a7f6d-7c46-4b32-93a2-02f0c8ea51a9" testId="31026c8b-1676-6a99-09e7-002bdd2f02c2" testName="mooSQL.Pure.Tests.SqlSnapshot.SQLBuilderSqlSnapshotTests.Snapshot_ToXxx(name: &quot;where_in_params&quot;)" computerName="DESKTOP-L49FG3V" duration="00:00:00.0177889" startTime="2026-08-12T00:11:44.2780376+08:00" endTime="2026-08-12T00:11:44.2780377+08:00" testType="13cdc9d9-ddb5-4fa4-a97d-d965ccfc6d4b" outcome="Passed" testListId="8c84fa94-04c1-424b-9868-57a2d4851a1d" relativeResultsDirectory="0b5a7f6d-7c46-4b32-93a2-02f0c8ea51a9" />
    <UnitTestResult executionId="ebcd92cc-76b0-42b4-90b9-68ecaef8163e" testId="ca3f2f80-22c7-61ae-7ce6-7bc4b4322247" testName="TestMooSQL.src.TestSQLBuilderSelect.selectJoinSub1" computerName="DESKTOP-L49FG3V" duration="00:00:00.0004434" startTime="2026-08-12T00:11:44.3020140+08:00" endTime="2026-08-12T00:11:44.3020141+08:00" testType="13cdc9d9-ddb5-4fa4-a97d-d965ccfc6d4b" outcome="Failed" testListId="8c84fa94-04c1-424b-9868-57a2d4851a1d" relativeResultsDirectory="ebcd92cc-76b0-42b4-90b9-68ecaef8163e">
      <Output>
        <ErrorInfo>
          <Message>Assert.Equal() Failure: Strings differ&#xD;
                  ↓ (pos 7)&#xD;
Expected: "SELECT top 1 a from tableA as a  left joi"···&#xD;
Actual:   "SELECT TOP 1 a FROM tableA as a  left joi"···&#xD;
                  ↑ (pos 7)</Message>
          <StackTrace>   at TestMooSQL.src.TestSQLBuilderSelect.selectJoinSub1() in G:\coding\gitee\my\moo-sqlm\mooSQL2024\Tests\TestBug\src\TestExt\TestSQLBuilderSelect.cs:line 97</StackTrace>
        </ErrorInfo>
      </Output>
    </UnitTestResult>
    <UnitTestResult executionId="c89f430a-bd90-4987-9ddd-0f562b9337ce" testId="cb9e3030-f87b-4710-5767-3c2d1677179e" testName="mooSQL.Pure.Tests.SQLClipTests.ComplexQuery_WithMultipleConditions_ShouldBuildCorrectSQL" computerName="DESKTOP-L49FG3V" duration="00:00:00.0022512" startTime="2026-08-12T00:11:44.1226118+08:00" endTime="2026-08-12T00:11:44.1226120+08:00" testType="13cdc9d9-ddb5-4fa4-a97d-d965ccfc6d4b" outcome="Passed" testListId="8c84fa94-04c1-424b-9868-57a2d4851a1d" relativeResultsDirectory="c89f430a-bd90-4987-9ddd-0f562b9337ce" />
    <UnitTestResult executionId="12c72612-8b79-4cbe-9ed3-cde7e20e5a17" testId="c0df1b3c-8274-6f23-cac3-59b0645057e5" testName="mooSQL.Pure.Tests.SQLBuilderOrchestrationMetaTests.Hash_WhereIn_DifferentValuesSameNonEmpty_SameHash" computerName="DESKTOP-L49FG3V" duration="00:00:00.0117745" startTime="2026-08-12T00:11:44.0899069+08:00" endTime="2026-08-12T00:11:44.0899069+08:00" testType="13cdc9d9-ddb5-4fa4-a97d-d965ccfc6d4b" outcome="Passed" testListId="8c84fa94-04c1-424b-9868-57a2d4851a1d" relativeResultsDirectory="12c72612-8b79-4cbe-9ed3-cde7e20e5a17" />
    <UnitTestResult executionId="7213e493-4985-46e4-9a0a-d878c76281db" testId="f6d9380e-51e6-b155-5d83-de63684ced26" testName="mooSQL.Pure.Tests.SQLBuilderRouteTests.useTarget_updates_position" computerName="DESKTOP-L49FG3V" duration="00:00:00.0248203" startTime="2026-08-12T00:11:44.1681741+08:00" endTime="2026-08-12T00:11:44.1681741+08:00" testType="13cdc9d9-ddb5-4fa4-a97d-d965ccfc6d4b" outcome="Passed" testListId="8c84fa94-04c1-424b-9868-57a2d4851a1d" relativeResultsDirectory="7213e493-4985-46e4-9a0a-d878c76281db" />
    <UnitTestResult executionId="187dc44c-83b5-4a0a-b582-f163c71ec92e" testId="a16c1c92-b7d7-7bf4-af99-27b44843fa01" testName="mooSQL.Pure.Tests.SQLBuilderExtensionTests.ExeNonQueryFmt_WithSimpleSql_ShouldExecute" computerName="DESKTOP-L49FG3V" duration="00:00:00.0017641" startTime="2026-08-12T00:11:44.2473643+08:00" endTime="2026-08-12T00:11:44.2473644+08:00" testType="13cdc9d9-ddb5-4fa4-a97d-d965ccfc6d4b" outcome="Passed" testListId="8c84fa94-04c1-424b-9868-57a2d4851a1d" relativeResultsDirectory="187dc44c-83b5-4a0a-b582-f163c71ec92e" />
    <UnitTestResult executionId="2175ee6a-3fd0-48e0-8111-8ce5ada3c792" testId="fc54230c-f5fe-da99-b251-9a104468b505" testName="TestMooSQL.src.TestSQLBuilderSelect.findField1" computerName="DESKTOP-L49FG3V" duration="00:00:00.0008744" startTime="2026-08-12T00:11:44.3174644+08:00" endTime="2026-08-12T00:11:44.3174644+08:00" testType="13cdc9d9-ddb5-4fa4-a97d-d965ccfc6d4b" outcome="Failed" testListId="8c84fa94-04c1-424b-9868-57a2d4851a1d" relativeResultsDirectory="2175ee6a-3fd0-48e0-8111-8ce5ada3c792">
      <Output>
        <ErrorInfo>
          <Message>mooSQL.data.health.DBUnavailableException : 数据库实例当前不可用。</Message>
          <StackTrace>   at mooSQL.data.DBExecutor.EnsureHealthBeforeExecute() in G:\coding\gitee\my\moo-sqlm\mooSQL2024\pure\src\ado\data\database\DBExecutor.health.cs:line 46&#xD;
   at mooSQL.data.DBExecutor.ExecuteCmdCore[R](SQLCmd sql, Func`3 executor) in G:\coding\gitee\my\moo-sqlm\mooSQL2024\pure\src\ado\data\database\DBExecutor.cs:line 261&#xD;
   at mooSQL.data.DBExecutor.ExecuteCmd[R](SQLCmd sql, Func`3 executor) in G:\coding\gitee\my\moo-sqlm\mooSQL2024\pure\src\ado\data\database\DBExecutor.cs:line 245&#xD;
   at mooSQL.data.DBExecutor.ExeQueryScalar[T](SQLCmd SQL) in G:\coding\gitee\my\moo-sqlm\mooSQL2024\pure\src\ado\data\database\DBExecutor.cs:line 951&#xD;
   at mooSQL.data.DBInstance.ExeQueryScalar[T](SQLCmd SQL, DBExecutor runner) in G:\coding\gitee\my\moo-sqlm\mooSQL2024\pure\src\ado\data\database\DBInstance.cs:line 605&#xD;
   at mooSQL.data.StepBuilder.&lt;queryScalar&gt;b__248_0[T](SQLCmd cmd) in G:\coding\gitee\my\moo-sqlm\mooSQL2024\pure\src\ado\builder\StepBuilderDymatic.cs:line 961&#xD;
   at mooSQL.data.StepBuilder.doSelectCore[T](String resultTypeTag, SQLCmd cmd, Func`2 onSelect) in G:\coding\gitee\my\moo-sqlm\mooSQL2024\pure\src\ado\builder\StepBuilder.resultCache.cs:line 166&#xD;
   at mooSQL.data.StepBuilder.doSelect[T](String resultTypeTag, Func`2 onSelect) in G:\coding\gitee\my\moo-sqlm\mooSQL2024\pure\src\ado\builder\StepBuilder.resultCache.cs:line 143&#xD;
   at mooSQL.data.StepBuilder.queryScalar[T]() in G:\coding\gitee\my\moo-sqlm\mooSQL2024\pure\src\ado\builder\StepBuilderDymatic.cs:line 959&#xD;
   at mooSQL.data.SQLBuilder.queryScalar[T]() in G:\coding\gitee\my\moo-sqlm\mooSQL2024\pure\src\ado\builder\SQLBuilder.defer.exec.cs:line 278&#xD;
   at mooSQL.data.SQLClip`1.queryUnique() in G:\coding\gitee\my\moo-sqlm\mooSQL2024\pure\src\adoext\clip\SQLClip.T.cs:line 52&#xD;
   at mooSQL.data.MooSQLBuilderExtensions.findField[T,R](SQLBuilder builder, Func`3 doClipFilting) in G:\coding\gitee\my\moo-sqlm\mooSQL2024\pure\src\utils\door\SQLBuilderExtensions.cs:line 973&#xD;
   at TestMooSQL.src.TestSQLBuilderSelect.findField1() in G:\coding\gitee\my\moo-sqlm\mooSQL2024\Tests\TestBug\src\TestExt\TestSQLBuilderSelect.cs:line 306</StackTrace>
        </ErrorInfo>
      </Output>
    </UnitTestResult>
    <UnitTestResult executionId="4aab4fb2-4e19-4b5c-8e32-06fde13ac446" testId="41090ff8-de97-b7a7-0c61-af8f1f462ce7" testName="mooSQL.Pure.Tests.SqlSnapshot.SQLBuilderSqlSnapshotTests.Snapshot_ToXxx(name: &quot;join_inner_subquery&quot;)" computerName="DESKTOP-L49FG3V" duration="00:00:00.0087480" startTime="2026-08-12T00:11:44.2072129+08:00" endTime="2026-08-12T00:11:44.2072131+08:00" testType="13cdc9d9-ddb5-4fa4-a97d-d965ccfc6d4b" outcome="Passed" testListId="8c84fa94-04c1-424b-9868-57a2d4851a1d" relativeResultsDirectory="4aab4fb2-4e19-4b5c-8e32-06fde13ac446" />
    <UnitTestResult executionId="6bbd5feb-0c95-4a6c-8198-b03b8b01308c" testId="e7924da5-de06-4036-d3cd-545caa352ead" testName="mooSQL.Pure.Tests.DBHealthTests.Probing_status_does_not_block_when_failover_disabled" computerName="DESKTOP-L49FG3V" duration="00:00:00.0027222" startTime="2026-08-12T00:11:44.1849040+08:00" endTime="2026-08-12T00:11:44.1849041+08:00" testType="13cdc9d9-ddb5-4fa4-a97d-d965ccfc6d4b" outcome="Passed" testListId="8c84fa94-04c1-424b-9868-57a2d4851a1d" relativeResultsDirectory="6bbd5feb-0c95-4a6c-8198-b03b8b01308c" />
    <UnitTestResult executionId="8ec6a49e-af0e-496b-b6d6-12dda1acd1ba" testId="62952a57-792b-5c55-5d08-3d9633b8a7f1" testName="mooSQL.Pure.Tests.SQLBuilderStaticSlotTests.WhereKeyVal_UsesStableMsSlotName_IndependentOfValue" computerName="DESKTOP-L49FG3V" duration="00:00:00.0009568" startTime="2026-08-12T00:11:44.0989265+08:00" endTime="2026-08-12T00:11:44.0989267+08:00" testType="13cdc9d9-ddb5-4fa4-a97d-d965ccfc6d4b" outcome="Passed" testListId="8c84fa94-04c1-424b-9868-57a2d4851a1d" relativeResultsDirectory="8ec6a49e-af0e-496b-b6d6-12dda1acd1ba" />
    <UnitTestResult executionId="7910b4ad-4cf5-429e-b84c-0f26f8eeff9a" testId="9822ffd3-8a0c-1910-f43e-260de64a78c8" testName="mooSQL.Pure.Tests.DBHealthTests.ConnectionExceptionClassifier_delegates_to_dialect" computerName="DESKTOP-L49FG3V" duration="00:00:00.0013495" startTime="2026-08-12T00:11:44.1821149+08:00" endTime="2026-08-12T00:11:44.1821151+08:00" testType="13cdc9d9-ddb5-4fa4-a97d-d965ccfc6d4b" outcome="Passed" testListId="8c84fa94-04c1-424b-9868-57a2d4851a1d" relativeResultsDirectory="7910b4ad-4cf5-429e-b84c-0f26f8eeff9a" />
    <UnitTestResult executionId="a31d6e6b-d836-44f0-8942-6cfbea01171c" testId="016ada86-34fe-eeba-cf5b-f019587688b7" testName="mooSQL.Pure.Tests.SqlSnapshot.SQLBuilderSqlSnapshotTests.Snapshot_ToXxx(name: &quot;from_subquery_where_in&quot;)" computerName="DESKTOP-L49FG3V" duration="00:00:00.0142312" startTime="2026-08-12T00:11:44.1832559+08:00" endTime="2026-08-12T00:11:44.1832559+08:00" testType="13cdc9d9-ddb5-4fa4-a97d-d965ccfc6d4b" outcome="Passed" testListId="8c84fa94-04c1-424b-9868-57a2d4851a1d" relativeResultsDirectory="a31d6e6b-d836-44f0-8942-6cfbea01171c" />
    <UnitTestResult executionId="278b690d-8b8f-4700-9274-7c2e6e8c22e6" testId="59cc7e51-43a4-6c25-3f86-abbb93ce969e" testName="TestMooSQL.src.DBInsTest.selectTop1" computerName="DESKTOP-L49FG3V" duration="00:00:00.1949844" startTime="2026-08-12T00:11:44.3091679+08:00" endTime="2026-08-12T00:11:44.3091680+08:00" testType="13cdc9d9-ddb5-4fa4-a97d-d965ccfc6d4b" outcome="Failed" testListId="8c84fa94-04c1-424b-9868-57a2d4851a1d" relativeResultsDirectory="278b690d-8b8f-4700-9274-7c2e6e8c22e6">
      <Output>
        <ErrorInfo>
          <Message>mooSQL.data.health.DBUnavailableException : 数据库实例当前不可用。</Message>
          <StackTrace>   at mooSQL.data.DBExecutor.EnsureHealthBeforeExecute() in G:\coding\gitee\my\moo-sqlm\mooSQL2024\pure\src\ado\data\database\DBExecutor.health.cs:line 46&#xD;
   at mooSQL.data.DBExecutor.ExecuteCmdCore[R](SQLCmd sql, Func`3 executor) in G:\coding\gitee\my\moo-sqlm\mooSQL2024\pure\src\ado\data\database\DBExecutor.cs:line 261&#xD;
   at mooSQL.data.DBExecutor.ExecuteCmd[R](SQLCmd sql, Func`3 executor) in G:\coding\gitee\my\moo-sqlm\mooSQL2024\pure\src\ado\data\database\DBExecutor.cs:line 245&#xD;
   at mooSQL.data.DBInstance.ExeQuery(SQLCmd cmd, DBExecutor executor) in G:\coding\gitee\my\moo-sqlm\mooSQL2024\pure\src\ado\data\database\DBInstance.cs:line 77&#xD;
   at TestMooSQL.src.DBInsTest.selectTop1() in G:\coding\gitee\my\moo-sqlm\mooSQL2024\Tests\TestBug\src\TestExt\DBInsTest.cs:line 24</StackTrace>
        </ErrorInfo>
      </Output>
    </UnitTestResult>
    <UnitTestResult executionId="4c5a3468-4e6f-4280-a223-067ecde17649" testId="5e4a42b6-7e1d-d8eb-db9e-9a0eb8a50bc0" testName="mooSQL.Pure.Tests.SQLBuilderApartTests.stop_WithoutRecord_ShouldThrow" computerName="DESKTOP-L49FG3V" duration="00:00:00.0026211" startTime="2026-08-12T00:11:44.2271420+08:00" endTime="2026-08-12T00:11:44.2271421+08:00" testType="13cdc9d9-ddb5-4fa4-a97d-d965ccfc6d4b" outcome="Failed" testListId="8c84fa94-04c1-424b-9868-57a2d4851a1d" relativeResultsDirectory="4c5a3468-4e6f-4280-a223-067ecde17649">
      <Output>
        <ErrorInfo>
          <Message>Expected a &lt;System.InvalidOperationException&gt; to be thrown, but no exception was thrown.</Message>
          <StackTrace>   at FluentAssertions.Execution.XUnit2TestFramework.Throw(String message)&#xD;
   at FluentAssertions.Execution.TestFrameworkProvider.Throw(String message)&#xD;
   at FluentAssertions.Execution.DefaultAssertionStrategy.HandleFailure(String message)&#xD;
   at FluentAssertions.Execution.AssertionScope.FailWith(Func`1 failReasonFunc)&#xD;
   at FluentAssertions.Execution.AssertionScope.FailWith(Func`1 failReasonFunc)&#xD;
   at FluentAssertions.Execution.AssertionScope.FailWith(String message)&#xD;
   at FluentAssertions.Specialized.DelegateAssertionsBase`2.ThrowInternal[TException](Exception exception, String because, Object[] becauseArgs)&#xD;
   at FluentAssertions.Specialized.DelegateAssertions`2.Throw[TException](String because, Object[] becauseArgs)&#xD;
   at mooSQL.Pure.Tests.SQLBuilderApartTests.stop_WithoutRecord_ShouldThrow() in G:\coding\gitee\my\moo-sqlm\mooSQL2024\Tests\TestBug\src\TestPure\SQLBuilderApartTests.cs:line 204</StackTrace>
        </ErrorInfo>
      </Output>
    </UnitTestResult>
    <UnitTestResult executionId="69365462-2e23-4bf3-bb8b-3d5f13b3cc51" testId="6ead2ec9-c0fa-c834-0d28-4efef6a25321" testName="mooSQL.Pure.Tests.SQLClipTests.SQLClipT_SetPage_ShouldSetPaging" computerName="DESKTOP-L49FG3V" duration="00:00:00.0013649" startTime="2026-08-12T00:11:44.2841902+08:00" endTime="2026-08-12T00:11:44.2841904+08:00" testType="13cdc9d9-ddb5-4fa4-a97d-d965ccfc6d4b" outcome="Passed" testListId="8c84fa94-04c1-424b-9868-57a2d4851a1d" relativeResultsDirectory="69365462-2e23-4bf3-bb8b-3d5f13b3cc51" />
    <UnitTestResult executionId="fe9493c5-3f12-4f34-993c-3bc7b5bf353e" testId="3be2dd09-5fb8-750f-5cc5-11d5ac773da5" testName="TestMooSQL.src.TestSQLBuilderUpdate.matchBulkBase1" computerName="DESKTOP-L49FG3V" duration="00:00:00.0007902" startTime="2026-08-12T00:11:44.3142262+08:00" endTime="2026-08-12T00:11:44.3142263+08:00" testType="13cdc9d9-ddb5-4fa4-a97d-d965ccfc6d4b" outcome="Failed" testListId="8c84fa94-04c1-424b-9868-57a2d4851a1d" relativeResultsDirectory="fe9493c5-3f12-4f34-993c-3bc7b5bf353e">
      <Output>
        <ErrorInfo>
          <Message>mooSQL.data.health.DBUnavailableException : 数据库实例当前不可用。</Message>
          <StackTrace>   at mooSQL.data.DBExecutor.EnsureHealthBeforeExecute() in G:\coding\gitee\my\moo-sqlm\mooSQL2024\pure\src\ado\data\database\DBExecutor.health.cs:line 46&#xD;
   at mooSQL.data.DBExecutor.ExecuteCmdCore[R](SQLCmd sql, Func`3 executor) in G:\coding\gitee\my\moo-sqlm\mooSQL2024\pure\src\ado\data\database\DBExecutor.cs:line 261&#xD;
   at mooSQL.data.DBExecutor.ExecuteCmd[R](SQLCmd sql, Func`3 executor) in G:\coding\gitee\my\moo-sqlm\mooSQL2024\pure\src\ado\data\database\DBExecutor.cs:line 245&#xD;
   at mooSQL.data.DBInstance.ExeQuery(SQLCmd cmd, DBExecutor executor) in G:\coding\gitee\my\moo-sqlm\mooSQL2024\pure\src\ado\data\database\DBInstance.cs:line 77&#xD;
   at mooSQL.data.StepBuilder.exeQuery(SQLCmd sql) in G:\coding\gitee\my\moo-sqlm\mooSQL2024\pure\src\ado\builder\StepBuilderDymatic.cs:line 160&#xD;
   at mooSQL.data.StepBuilder.&lt;queryPrepared&gt;b__221_0(SQLCmd cmd) in G:\coding\gitee\my\moo-sqlm\mooSQL2024\pure\src\ado\builder\StepBuilderDymatic.cs:line 480&#xD;
   at mooSQL.data.StepBuilder.doSelectCore[T](String resultTypeTag, SQLCmd cmd, Func`2 onSelect) in G:\coding\gitee\my\moo-sqlm\mooSQL2024\pure\src\ado\builder\StepBuilder.resultCache.cs:line 166&#xD;
   at mooSQL.data.StepBuilder.doSelect[T](String resultTypeTag, SQLCmd cmd, Func`2 onSelect) in G:\coding\gitee\my\moo-sqlm\mooSQL2024\pure\src\ado\builder\StepBuilder.resultCache.cs:line 157&#xD;
[...]
   at System.Threading.Tasks.Task+&lt;&gt;c.&lt;.cctor&gt;b__272_0(System.Object)&#xD;
   at System.Threading.ExecutionContext.RunInternal(System.Threading.ExecutionContext, System.Threading.ContextCallback, System.Object)&#xD;
   at System.Threading.Tasks.Task.ExecuteWithThreadLocal(System.Threading.Tasks.Task ByRef, System.Threading.Thread)&#xD;
   at System.Threading.Tasks.Task.ExecuteEntryUnsafe(System.Threading.Thread)&#xD;
   at System.Threading.Tasks.ThreadPoolTaskScheduler+&lt;&gt;c.&lt;.cctor&gt;b__10_0(System.Object)&#xD;
   at System.Threading.Thread.StartCallback()&#xD;
</StdOut>
    </Output>
    <RunInfos>
      <RunInfo computerName="DESKTOP-L49FG3V" outcome="Error" timestamp="2026-08-12T00:11:44.1629551+08:00">
        <Text>[xUnit.net 00:00:00.22]     TestMooSQL.src.TestEnurableUntils.sumList1 [FAIL]</Text>
      </RunInfo>
      <RunInfo computerName="DESKTOP-L49FG3V" outcome="Error" timestamp="2026-08-12T00:11:44.1632087+08:00">
        <Text>[xUnit.net 00:00:00.23]     mooSQL.Pure.Tests.src.Auth.AuthOptimizationsTests.CodeRange_AddBindValue_ShouldReturnTrue_WhenAdded [FAIL]</Text>
      </RunInfo>
      <RunInfo computerName="DESKTOP-L49FG3V" outcome="Error" timestamp="2026-08-12T00:11:44.1632324+08:00">
        <Text>[xUnit.net 00:00:00.23]     TestMooSQL.src.TestEnurableUntils.sumList [FAIL]</Text>
      </RunInfo>
      <RunInfo computerName="DESKTOP-L49FG3V" outcome="Error" timestamp="2026-08-12T00:11:44.1739583+08:00">
        <Text>[xUnit.net 00:00:00.28]     mooSQL.Pure.Tests.SQLBuilderApartTests.useApart_ParameterKeys_ShouldMatchManualChain [FAIL]</Text>
      </RunInfo>
      <RunInfo computerName="DESKTOP-L49FG3V" outcome="Error" timestamp="2026-08-12T00:11:44.1827911+08:00">
        <Text>[xUnit.net 00:00:00.29]     TestMooSQL.src.TestSQLBuilderMergeIno.selectTop1 [FAIL]</Text>
      </RunInfo>
      <RunInfo computerName="DESKTOP-L49FG3V" outcome="Error" timestamp="2026-08-12T00:11:44.1868575+08:00">
        <Text>[xUnit.net 00:00:00.30]     mooSQL.Pure.Tests.SQLBuilderApartTests.record_stop_ShouldMatchToApart_OnShadowBuilder [FAIL]</Text>
      </RunInfo>
      <RunInfo computerName="DESKTOP-L49FG3V" outcome="Error" timestamp="2026-08-12T00:11:44.1965589+08:00">
        <Text>[xUnit.net 00:00:00.31]     mooSQL.Pure.Tests.SQLBuilderApartTests.toApart_WithCte_ShouldReplay [FAIL]</Text>
      </RunInfo>
      <RunInfo computerName="DESKTOP-L49FG3V" outcome="Error" timestamp="2026-08-12T00:11:44.1970631+08:00">
        <Text>[xUnit.net 00:00:00.31]     mooSQL.Pure.Tests.src.Auth.AuthOptimizationsTests.GenerateCondition_ShouldSupport_NotIn_And_Between [FAIL]</Text>
      </RunInfo>
      <RunInfo computerName="DESKTOP-L49FG3V" outcome="Error" timestamp="2026-08-12T00:11:44.2066122+08:00">
        <Text>[xUnit.net 00:00:00.32]     mooSQL.Pure.Tests.SQLClipTests.WhereIn_WithEnumerable_ShouldBuildInClause [FAIL]</Text>
      </RunInfo>
      <RunInfo computerName="DESKTOP-L49FG3V" outcome="Error" timestamp="2026-08-12T00:11:44.2135242+08:00">
        <Text>[xUnit.net 00:00:00.32]     mooSQL.Pure.Tests.SQLBuilderApartTests.record_stop_ShouldCaptureSegmentWithoutPollutingParent [FAIL]</Text>
      </RunInfo>
      <RunInfo computerName="DESKTOP-L49FG3V" outcome="Error" timestamp="2026-08-12T00:11:44.2187923+08:00">
        <Text>[xUnit.net 00:00:00.33]     mooSQL.Pure.Tests.SQLBuilderApartTests.toApart_useApart_ShouldMatchManualBuild_BasicSelect [FAIL]</Text>
      </RunInfo>
      <RunInfo computerName="DESKTOP-L49FG3V" outcome="Error" timestamp="2026-08-12T00:11:44.2209539+08:00">
        <Text>[xUnit.net 00:00:00.33]     mooSQL.Pure.Tests.SQLBuilderApartTests.toApart_useApart_ShouldMatchManualBuild_SinkOrWhere [FAIL]</Text>
      </RunInfo>
      <RunInfo computerName="DESKTOP-L49FG3V" outcome="Error" timestamp="2026-08-12T00:11:44.2242577+08:00">
        <Text>[xUnit.net 00:00:00.33]     mooSQL.Pure.Tests.SQLBuilderApartTests.useApart_OnDifferentDbType_ShouldThrow [FAIL]</Text>
      </RunInfo>
      <RunInfo computerName="DESKTOP-L49FG3V" outcome="Error" timestamp="2026-08-12T00:11:44.2269933+08:00">
        <Text>[xUnit.net 00:00:00.34]     mooSQL.Pure.Tests.SQLBuilderApartTests.stop_WithoutRecord_ShouldThrow [FAIL]</Text>
      </RunInfo>
      <RunInfo computerName="DESKTOP-L49FG3V" outcome="Error" timestamp="2026-08-12T00:11:44.2594320+08:00">
        <Text>[xUnit.net 00:00:00.37]     mooSQL.Pure.Tests.SQLClipTests.WhereIn_WithArray_ShouldBuildInClause [FAIL]</Text>
      </RunInfo>
      <RunInfo computerName="DESKTOP-L49FG3V" outcome="Error" timestamp="2026-08-12T00:11:44.3008746+08:00">
        <Text>[xUnit.net 00:00:00.41]     TestMooSQL.src.TestSQLBuilderSelect.findList1 [FAIL]</Text>
      </RunInfo>
      <RunInfo computerName="DESKTOP-L49FG3V" outcome="Error" timestamp="2026-08-12T00:11:44.3019894+08:00">
        <Text>[xUnit.net 00:00:00.41]     TestMooSQL.src.TestSQLBuilderSelect.selectJoinSub1 [FAIL]</Text>
      </RunInfo>
      <RunInfo computerName="DESKTOP-L49FG3V" outcome="Error" timestamp="2026-08-12T00:11:44.3046541+08:00">
        <Text>[xUnit.net 00:00:00.41]     TestMooSQL.src.TestSQLBuilderSelect.findRow1 [FAIL]</Text>
      </RunInfo>
      <RunInfo computerName="DESKTOP-L49FG3V" outcome="Error" timestamp="2026-08-12T00:11:44.3047841+08:00">
        <Text>[xUnit.net 00:00:00.41]     TestMooSQL.src.TestSQLBuilderSelect.selectWith [FAIL]</Text>
      </RunInfo>
      <RunInfo computerName="DESKTOP-L49FG3V" outcome="Error" timestamp="2026-08-12T00:11:44.3050879+08:00">
        <Text>[xUnit.net 00:00:00.42]     TestMooSQL.src.DBInsTest.selectTop1 [FAIL]</Text>
      </RunInfo>
      <RunInfo computerName="DESKTOP-L49FG3V" outcome="Error" timestamp="2026-08-12T00:11:44.3098733+08:00">
        <Text>[xUnit.net 00:00:00.42]     TestMooSQL.src.TestSQLBuilderUpdate.addBulkBase1 [FAIL]</Text>
      </RunInfo>
      <RunInfo computerName="DESKTOP-L49FG3V" outcome="Error" timestamp="2026-08-12T00:11:44.3103035+08:00">
        <Text>[xUnit.net 00:00:00.42]     TestMooSQL.src.TestSQLBuilderUpdate.mergeBase [FAIL]</Text>
      </RunInfo>
      <RunInfo computerName="DESKTOP-L49FG3V" outcome="Error" timestamp="2026-08-12T00:11:44.3109183+08:00">
        <Text>[xUnit.net 00:00:00.42]     TestMooSQL.src.TestSQLBuilderSelect.findFieldValue4 [FAIL]</Text>
      </RunInfo>
      <RunInfo computerName="DESKTOP-L49FG3V" outcome="Error" timestamp="2026-08-12T00:11:44.3113384+08:00">
        <Text>[xUnit.net 00:00:00.42]     TestMooSQL.src.TestSQLBuilderSelect.findList2 [FAIL]</Text>
      </RunInfo>
      <RunInfo computerName="DESKTOP-L49FG3V" outcome="Error" timestamp="2026-08-12T00:11:44.3121973+08:00">
        <Text>[xUnit.net 00:00:00.42]     TestMooSQL.src.TestSQLBuilderUpdate.RemoveByClip [FAIL]</Text>
      </RunInfo>
      <RunInfo computerName="DESKTOP-L49FG3V" outcome="Error" timestamp="2026-08-12T00:11:44.3131107+08:00">
        <Text>[xUnit.net 00:00:00.42]     TestMooSQL.src.TestSQLBuilderUpdate.fastRemoveByClip [FAIL]</Text>
      </RunInfo>
      <RunInfo computerName="DESKTOP-L49FG3V" outcome="Error" timestamp="2026-08-12T00:11:44.3133891+08:00">
        <Text>[xUnit.net 00:00:00.42]     TestMooSQL.src.TestSQLBuilderSelect.findFieldValues [FAIL]</Text>
      </RunInfo>
      <RunInfo computerName="DESKTOP-L49FG3V" outcome="Error" timestamp="2026-08-12T00:11:44.3144349+08:00">
        <Text>[xUnit.net 00:00:00.42]     TestMooSQL.src.TestSQLBuilderSelect.selectFromSub1 [FAIL]</Text>
      </RunInfo>
      <RunInfo computerName="DESKTOP-L49FG3V" outcome="Error" timestamp="2026-08-12T00:11:44.3144718+08:00">
        <Text>[xUnit.net 00:00:00.42]     TestMooSQL.src.TestSQLBuilderUpdate.matchBulkBase1 [FAIL]</Text>
      </RunInfo>
      <RunInfo computerName="DESKTOP-L49FG3V" outcome="Error" timestamp="2026-08-12T00:11:44.3145009+08:00">
        <Text>[xUnit.net 00:00:00.42]     TestMooSQL.src.TestSQLBuilderUpdate.addBulkBase2 [FAIL]</Text>
      </RunInfo>
      <RunInfo computerName="DESKTOP-L49FG3V" outcome="Error" timestamp="2026-08-12T00:11:44.3150319+08:00">
        <Text>[xUnit.net 00:00:00.43]     TestMooSQL.src.TestSQLBuilderUpdate.deleteBasis [FAIL]</Text>
      </RunInfo>
      <RunInfo computerName="DESKTOP-L49FG3V" outcome="Error" timestamp="2026-08-12T00:11:44.3158375+08:00">
        <Text>[xUnit.net 00:00:00.43]     TestMooSQL.src.TestSQLBuilderSelect.findFieldValue [FAIL]</Text>
      </RunInfo>
      <RunInfo computerName="DESKTOP-L49FG3V" outcome="Error" timestamp="2026-08-12T00:11:44.3158864+08:00">
        <Text>[xUnit.net 00:00:00.43]     TestMooSQL.src.TestSQLBuilderUpdate.updateBasis [FAIL]</Text>
      </RunInfo>
      <RunInfo computerName="DESKTOP-L49FG3V" outcome="Error" timestamp="2026-08-12T00:11:44.3159859+08:00">
        <Text>[xUnit.net 00:00:00.43]     TestMooSQL.src.TestSQLBuilderSelect.selectWhereSub1 [FAIL]</Text>
      </RunInfo>
      <RunInfo computerName="DESKTOP-L49FG3V" outcome="Error" timestamp="2026-08-12T00:11:44.3160796+08:00">
        <Text>[xUnit.net 00:00:00.43]     TestMooSQL.src.TestSQLBuilderSelect.selectTop1 [FAIL]</Text>
      </RunInfo>
      <RunInfo computerName="DESKTOP-L49FG3V" outcome="Error" timestamp="2026-08-12T00:11:44.3170311+08:00">
        <Text>[xUnit.net 00:00:00.43]     TestMooSQL.src.TestSQLBuilderUpdate.fastUpdateByClip [FAIL]</Text>
      </RunInfo>
      <RunInfo computerName="DESKTOP-L49FG3V" outcome="Error" timestamp="2026-08-12T00:11:44.3173015+08:00">
        <Text>[xUnit.net 00:00:00.43]     TestMooSQL.src.TestSQLBuilderSelect.findField1 [FAIL]</Text>
      </RunInfo>
      <RunInfo computerName="DESKTOP-L49FG3V" outcome="Error" timestamp="2026-08-12T00:11:44.3211723+08:00">
        <Text>[xUnit.net 00:00:00.43]     TestMooSQL.src.TestSQLBuilderSelect.selectWhereSimple1 [FAIL]</Text>
      </RunInfo>
      <RunInfo computerName="DESKTOP-L49FG3V" outcome="Error" timestamp="2026-08-12T00:11:44.3219630+08:00">
        <Text>[xUnit.net 00:00:00.43]     TestMooSQL.src.TestSQLBuilderSelect.findFieldValue2 [FAIL]</Text>
      </RunInfo>
      <RunInfo computerName="DESKTOP-L49FG3V" outcome="Error" timestamp="2026-08-12T00:11:44.3224187+08:00">
        <Text>[xUnit.net 00:00:00.43]     TestMooSQL.src.TestSQLBuilderSelect.selectUnion1 [FAIL]</Text>
      </RunInfo>
      <RunInfo computerName="DESKTOP-L49FG3V" outcome="Error" timestamp="2026-08-12T00:11:44.3227819+08:00">
        <Text>[xUnit.net 00:00:00.43]     TestMooSQL.src.TestSQLBuilderSelect.selectWith2 [FAIL]</Text>
      </RunInfo>
      <RunInfo computerName="DESKTOP-L49FG3V" outcome="Error" timestamp="2026-08-12T00:11:44.3234184+08:00">
        <Text>[xUnit.net 00:00:00.43]     TestMooSQL.src.TestSQLBuilderSelect.findFieldValue3 [FAIL]</Text>
      </RunInfo>
      <RunInfo computerName="DESKTOP-L49FG3V" outcome="Error" timestamp="2026-08-12T00:11:44.3238684+08:00">
        <Text>[xUnit.net 00:00:00.43]     TestMooSQL.src.TestSQLBuilderSelect.selectUnion2 [FAIL]</Text>
      </RunInfo>
      <RunInfo computerName="DESKTOP-L49FG3V" outcome="Error" timestamp="2026-08-12T00:12:00.4026696+08:00">
        <Text>活动的测试运行已中止。原因: 测试主机进程崩溃 : Stack overflow.&#xD;
Repeat 24051 times:&#xD;
--------------------------------&#xD;
   at mooSQL.data.SQLClip.whereNotIn[[System.Int32, System.Private.CoreLib, Version=6.0.0.0, Culture=neutral, PublicKeyToken=7cec85d7bea7798e]](System.Linq.Expressions.Expression`1&lt;System.Func`1&lt;Int32&gt;&gt;, Int32[])&#xD;
--------------------------------&#xD;
   at mooSQL.Pure.Tests.SQLClipTests.WhereNotIn_ShouldBuildNotInClause()&#xD;
   at System.RuntimeMethodHandle.InvokeMethod(System.Object, System.Span`1&lt;System.Object&gt; ByRef, System.Signature, Boolean, Boolean)&#xD;
   at System.Reflection.RuntimeMethodInfo.Invoke(System.Object, System.Reflection.BindingFlags, System.Reflection.Binder, System.Object[], System.Globalization.CultureInfo)&#xD;
   at System.Reflection.MethodBase.Invoke(System.Object, System.Object[])&#xD;
   at Xunit.Sdk.TestInvoker`1[[System.__Canon, System.Private.CoreLib, Version=6.0.0.0, Culture=neutral, PublicKeyToken=7cec85d7bea7798e]].CallTestMethod(System.Object)&#xD;
   at Xunit.Sdk.TestInvoker`1+&lt;&gt;c__DisplayClass48_0+&lt;&lt;InvokeTestMethodAsync&gt;b__1&gt;d[[System.__Canon, System.Private.CoreLib, Version=6.0.0.0, Culture=neutral, PublicKeyToken=7cec85d7bea7798e]].MoveNext()&#xD;
   at System.Runtime.CompilerServices.AsyncMethodBuilderCore.Start[[Xunit.Sdk.TestInvoker`1+&lt;&gt;c__DisplayClass48_0+&lt;&lt;InvokeTestMethodAsync&gt;b__1&gt;d[[System.__Canon, System.Private.CoreLib, Version=6.0.0.0, Culture=neutral, PublicKeyToken=7cec85d7bea7798e]], xunit.execution.dotnet, Version=2.6.2.0, Culture=neutral, PublicKeyToken=8d05b1bb7a6fdb6c]](&lt;&lt;InvokeTestMethodAsync&gt;b__1&gt;d&lt;System.__Canon&gt; ByRef)&#xD;
   at System.Runtime.CompilerServices.AsyncTaskMethodBuilder.Start[[Xunit.Sdk.TestInvoker`1+&lt;&gt;c__DisplayClass48_0+&lt;&lt;InvokeTestMethodAsync&gt;b__1&gt;d[[System.__Canon, System.Private.CoreLib, Version=6.0.0.0, Culture=neutral, PublicKeyToken=7cec85d7bea7798e]], xunit.execution.dotnet, Version=2.6.2.0, Culture=neutral, PublicKeyToken=8d05b1bb7a6fdb6c]](&lt;&lt;InvokeTestMethodAsync&gt;b__1&gt;d&lt;System.__Canon&gt; ByRef)&#xD;
   at Xunit.Sdk.TestInvoker`1+&lt;&gt;c__DisplayClass48_0[[System.__Canon, System.Private.CoreLib, Version=6.0.0.0, Culture=neutral, PublicKeyToken=7cec85d7bea7798e]].&lt;InvokeTestMethodAsync&gt;b__1()&#xD;
   at Xunit.Sdk.ExecutionTimer+&lt;AggregateAsync&gt;d__4.MoveNext()&#xD;
   at System.Runtime.CompilerServices.AsyncMethodBuilderCore.Start[[Xunit.Sdk.ExecutionTimer+&lt;AggregateAsync&gt;d__4, xunit.execution.dotnet, Version=2.6.2.0, Culture=neutral, PublicKeyToken=8d05b1bb7a6fdb6c]](&lt;AggregateAsync&gt;d__4 ByRef)&#xD;
   at System.Runtime.CompilerServices.AsyncTaskMethodBuilder.Start[[Xunit.Sdk.ExecutionTimer+&lt;AggregateAsync&gt;d__4, xunit.execution.dotnet, Version=2.6.2.0, Culture=neutral, PublicKeyToken=8d05b1bb7a6fdb6c]](&lt;AggregateAsync&gt;d__4 ByRef)&#xD;
   at Xunit.Sdk.ExecutionTimer.AggregateAsync(System.Func`1&lt;System.Threading.Tasks.Task&gt;)&#xD;
   at Xunit.Sdk.TestInvoker`1+&lt;&gt;c__DisplayClass48_0[[System.__Canon, System.Private.CoreLib, Version=6.0.0.0, Culture=neutral, PublicKeyToken=7cec85d7bea7798e]].&lt;InvokeTestMethodAsync&gt;b__0()&#xD;
   at Xunit.Sdk.ExceptionAggregator+&lt;RunAsync&gt;d__9.MoveNext()&#xD;
   at System.Runtime.CompilerServices.AsyncMethodBuilderCore.Start[[Xunit.Sdk.ExceptionAggregator+&lt;RunAsync&gt;d__9, xunit.core, Version=2.6.2.0, Culture=neutral, PublicKeyToken=8d05b1bb7a6fdb6c]](&lt;RunAsync&gt;d__9 ByRef)&#xD;
   at System.Runtime.CompilerServices.AsyncTaskMethodBuilder.Start[[Xunit.Sdk.ExceptionAggregator+&lt;RunAsync&gt;d__9, xunit.core, Version=2.6.2.0, Culture=neutral, PublicKeyToken=8d05b1bb7a6fdb6c]](&lt;RunAsync&gt;d__9 ByRef)&#xD;
   at Xunit.Sdk.ExceptionAggregator.RunAsync(System.Func`1&lt;System.Threading.Tasks.Task&gt;)&#xD;
   at Xunit.Sdk.TestInvoker`1+&lt;InvokeTestMethodAsync&gt;d__48[[System.__Canon, System.Private.CoreLib, Version=6.0.0.0, Culture=neutral, PublicKeyToken=7cec85d7bea7798e]].MoveNext()&#xD;
   at System.Runtime.CompilerServices.AsyncMethodBuilderCore.Start[[Xunit.Sdk.TestInvoker`1+&lt;InvokeTestMethodAsync&gt;d__48[[System.__Canon, System.Private.CoreLib, Version=6.0.0.0, Culture=neutral, PublicKeyToken=7cec85d7bea7798e]], xunit.execution.dotnet, Version=2.6.2.0, Culture=neutral, PublicKeyToken=8d05b1bb7a6fdb6c]](&lt;InvokeTestMethodAsync&gt;d__48&lt;System.__Canon&gt; ByRef)&#xD;
   at System.Runtime.CompilerServices.AsyncTaskMethodBuilder`1[[System.Decimal, System.Private.CoreLib, Version=6.0.0.0, Culture=neutral, PublicKeyToken=7cec85d7bea7798e]].Start[[Xunit.Sdk.TestInvoker`1+&lt;InvokeTestMethodAsync&gt;d__48[[System.__Canon, System.Private.CoreLib, Version=6.0.0.0, Culture=neutral, PublicKeyToken=7cec85d7bea7798e]], xunit.execution.dotnet, Version=2.6.2.0, Culture=neutral, PublicKeyToken=8d05b1bb7a6fdb6c]](&lt;InvokeTestMethodAsync&gt;d__48&lt;System.__Canon&gt; ByRef)&#xD;
   at Xunit.Sdk.TestInvoker`1[[System.__Canon, System.Private.CoreLib, Version=6.0.0.0, Culture=neutral, PublicKeyToken=7cec85d7bea7798e]].InvokeTestMethodAsync(System.Object)&#xD;
   at Xunit.Sdk.XunitTestInvoker.InvokeTestMethodAsync(System.Object)&#xD;
   at Xunit.Sdk.TestInvoker`1+&lt;&lt;RunAsync&gt;b__47_0&gt;d[[System.__Canon, System.Private.CoreLib, Version=6.0.0.0, Culture=neutral, PublicKeyToken=7cec85d7bea7798e]].MoveNext()&#xD;
   at System.Runtime.CompilerServices.AsyncMethodBuilderCore.Start[[Xunit.Sdk.TestInvoker`1+&lt;&lt;RunAsync&gt;b__47_0&gt;d[[System.__Canon, System.Private.CoreLib, Version=6.0.0.0, Culture=neutral, PublicKeyToken=7cec85d7bea7798e]], xunit.execution.dotnet, Version=2.6.2.0, Culture=neutral, PublicKeyToken=8d05b1bb7a6fdb6c]](&lt;&lt;RunAsync&gt;b__47_0&gt;d&lt;System.__Canon&gt; ByRef)&#xD;
   at System.Runtime.CompilerServices.AsyncTaskMethodBuilder`1[[System.Decimal, System.Private.CoreLib, Version=6.0.0.0, Culture=neutral, PublicKeyToken=7cec85d7bea7798e]].Start[[Xunit.Sdk.TestInvoker`1+&lt;&lt;RunAsync&gt;b__47_0&gt;d[[System.__Canon, System.Private.CoreLib, Version=6.0.0.0, Culture=neutral, PublicKeyToken=7cec85d7bea7798e]], xunit.execution.dotnet, Version=2.6.2.0, Culture=neutral, PublicKeyToken=8d05b1bb7a6fdb6c]](&lt;&lt;RunAsync&gt;b__47_0&gt;d&lt;System.__Canon&gt; ByRef)&#xD;
   at Xunit.Sdk.TestInvoker`1[[System.__Canon, System.Private.CoreLib, Version=6.0.0.0, Culture=neutral, PublicKeyToken=7cec85d7bea7798e]].&lt;RunAsync&gt;b__47_0()&#xD;
   at Xunit.Sdk.ExceptionAggregator+&lt;RunAsync&gt;d__10`1[[System.Decimal, System.Private.CoreLib, Version=6.0.0.0, Culture=neutral, PublicKeyToken=7cec85d7bea7798e]].MoveNext()&#xD;
   at System.Runtime.CompilerServices.AsyncMethodBuilderCore.Start[[Xunit.Sdk.ExceptionAggregator+&lt;RunAsync&gt;d__10`1[[System.Decimal, System.Private.CoreLib, Version=6.0.0.0, Culture=neutral, PublicKeyToken=7cec85d7bea7798e]], xunit.core, Version=2.6.2.0, Culture=neutral, PublicKeyToken=8d05b1bb7a6fdb6c]](&lt;RunAsync&gt;d__10`1&lt;System.Decimal&gt; ByRef)&#xD;
   at System.Runtime.CompilerServices.AsyncTaskMethodBuilder`1[[System.Decimal, System.Private.CoreLib, Version=6.0.0.0, Culture=neutral, PublicKeyToken=7cec85d7bea7798e]].Start[[Xunit.Sdk.ExceptionAggregator+&lt;RunAsync&gt;d__10`1[[System.Decimal, System.Private.CoreLib, Version=6.0.0.0, Culture=neutral, PublicKeyToken=7cec85d7bea7798e]], xunit.core, Version=2.6.2.0, Culture=neutral, PublicKeyToken=8d05b1bb7a6fdb6c]](&lt;RunAsync&gt;d__10`1&lt;System.Decimal&gt; ByRef)&#xD;
   at Xunit.Sdk.ExceptionAggregator.RunAsync[[System.Decimal, System.Private.CoreLib, Version=6.0.0.0, Culture=neutral, PublicKeyToken=7cec85d7bea7798e]](System.Func`1&lt;System.Threading.Tasks.Task`1&lt;System.Decimal&gt;&gt;)&#xD;
   at Xunit.Sdk.TestInvoker`1[[System.__Canon, System.Private.CoreLib, Version=6.0.0.0, Culture=neutral, PublicKeyToken=7cec85d7bea7798e]].RunAsync()&#xD;
   at Xunit.Sdk.XunitTestRunner.InvokeTestMethodAsync(Xunit.Sdk.ExceptionAggregator)&#xD;
   at Xunit.Sdk.XunitTestRunner+&lt;InvokeTestAsync&gt;d__4.MoveNext()&#xD;
   at System.Runtime.CompilerServices.AsyncMethodBuilderCore.Start[[Xunit.Sdk.XunitTestRunner+&lt;InvokeTestAsync&gt;d__4, xunit.execution.dotnet, Version=2.6.2.0, Culture=neutral, PublicKeyToken=8d05b1bb7a6fdb6c]](&lt;InvokeTestAsync&gt;d__4 ByRef)&#xD;
   at System.Runtime.CompilerServices.AsyncTaskMethodBuilder`1[[System.__Canon, System.Private.CoreLib, Version=6.0.0.0, Culture=neutral, PublicKeyToken=7cec85d7bea7798e]].Start[[Xunit.Sdk.XunitTestRunner+&lt;InvokeTestAsync&gt;d__4, xunit.execution.dotnet, Version=2.6.2.0, Culture=neutral, PublicKeyToken=8d05b1bb7a6fdb6c]](&lt;InvokeTestAsync&gt;d__4 ByRef)&#xD;
   at Xunit.Sdk.XunitTestRunner.InvokeTestAsync(Xunit.Sdk.ExceptionAggregator)&#xD;
   at Xunit.Sd</Text>
      </RunInfo>
    </RunInfos>
  </ResultSummary>
</TestRun>